<?xml version="1.0" encoding="UTF-8"?>
<testsuite name="com.jcg.springbatchparallel.SpringbatchparallelApplicationTests" tests="1" skipped="0" failures="0" errors="0" timestamp="2019-01-18T20:45:27" hostname="cdelabs" time="0.577">
  <properties/>
  <testcase name="contextLoads" classname="com.jcg.springbatchparallel.SpringbatchparallelApplicationTests" time="0.577"/>
  <system-out><![CDATA[14:45:23.995 [Test worker] DEBUG org.springframework.test.context.junit4.SpringJUnit4ClassRunner - SpringJUnit4ClassRunner constructor called with [class com.jcg.springbatchparallel.SpringbatchparallelApplicationTests]
14:45:24.014 [Test worker] DEBUG org.springframework.test.context.BootstrapUtils - Instantiating CacheAwareContextLoaderDelegate from class [org.springframework.test.context.cache.DefaultCacheAwareContextLoaderDelegate]
14:45:24.020 [Test worker] DEBUG org.springframework.test.context.BootstrapUtils - Instantiating BootstrapContext using constructor [public org.springframework.test.context.support.DefaultBootstrapContext(java.lang.Class,org.springframework.test.context.CacheAwareContextLoaderDelegate)]
14:45:24.055 [Test worker] DEBUG org.springframework.test.context.BootstrapUtils - Instantiating TestContextBootstrapper for test class [com.jcg.springbatchparallel.SpringbatchparallelApplicationTests] from class [org.springframework.boot.test.context.SpringBootTestContextBootstrapper]
14:45:24.102 [Test worker] INFO org.springframework.boot.test.context.SpringBootTestContextBootstrapper - Neither @ContextConfiguration nor @ContextHierarchy found for test class [com.jcg.springbatchparallel.SpringbatchparallelApplicationTests], using SpringBootContextLoader
14:45:24.104 [Test worker] DEBUG org.springframework.test.context.support.AbstractContextLoader - Did not detect default resource location for test class [com.jcg.springbatchparallel.SpringbatchparallelApplicationTests]: class path resource [com/jcg/springbatchparallel/SpringbatchparallelApplicationTests-context.xml] does not exist
14:45:24.105 [Test worker] DEBUG org.springframework.test.context.support.AbstractContextLoader - Did not detect default resource location for test class [com.jcg.springbatchparallel.SpringbatchparallelApplicationTests]: class path resource [com/jcg/springbatchparallel/SpringbatchparallelApplicationTestsContext.groovy] does not exist
14:45:24.105 [Test worker] INFO org.springframework.test.context.support.AbstractContextLoader - Could not detect default resource locations for test class [com.jcg.springbatchparallel.SpringbatchparallelApplicationTests]: no resource found for suffixes {-context.xml, Context.groovy}.
14:45:24.106 [Test worker] INFO org.springframework.test.context.support.AnnotationConfigContextLoaderUtils - Could not detect default configuration classes for test class [com.jcg.springbatchparallel.SpringbatchparallelApplicationTests]: SpringbatchparallelApplicationTests does not declare any static, non-private, non-final, nested classes annotated with @Configuration.
14:45:24.167 [Test worker] DEBUG org.springframework.test.context.support.ActiveProfilesUtils - Could not find an 'annotation declaring class' for annotation type [org.springframework.test.context.ActiveProfiles] and class [com.jcg.springbatchparallel.SpringbatchparallelApplicationTests]
14:45:24.172 [Test worker] DEBUG org.springframework.core.env.StandardEnvironment - Adding PropertySource 'systemProperties' with lowest search precedence
14:45:24.172 [Test worker] DEBUG org.springframework.core.env.StandardEnvironment - Adding PropertySource 'systemEnvironment' with lowest search precedence
14:45:24.172 [Test worker] DEBUG org.springframework.core.env.StandardEnvironment - Initialized StandardEnvironment with PropertySources [MapPropertySource@801094307 {name='systemProperties', properties={java.runtime.name=Java(TM) SE Runtime Environment, sun.boot.library.path=/usr/lib/jvm/java-8-oracle/jre/lib/amd64, java.vm.version=25.191-b12, java.vm.vendor=Oracle Corporation, java.vendor.url=http://java.oracle.com/, path.separator=:, java.vm.name=Java HotSpot(TM) 64-Bit Server VM, file.encoding.pkg=sun.io, sun.java.launcher=SUN_STANDARD, user.country=US, sun.os.patch.level=unknown, java.vm.specification.name=Java Virtual Machine Specification, user.dir=/home/cdelabs/workspace/springbatchparallel/springbatchparallel, java.runtime.version=1.8.0_191-b12, java.awt.graphicsenv=sun.awt.X11GraphicsEnvironment, java.endorsed.dirs=/usr/lib/jvm/java-8-oracle/jre/lib/endorsed, os.arch=amd64, java.io.tmpdir=/tmp, line.separator=
, java.vm.specification.vendor=Oracle Corporation, user.variant=, os.name=Linux, sun.jnu.encoding=UTF-8, java.library.path=/usr/java/packages/lib/amd64:/usr/lib64:/lib64:/lib:/usr/lib, java.specification.name=Java Platform API Specification, java.class.version=52.0, org.gradle.native=false, sun.management.compiler=HotSpot 64-Bit Tiered Compilers, os.version=4.15.0-39-generic, user.home=/home/cdelabs, user.timezone=America/Chicago, java.awt.printerjob=sun.print.PSPrinterJob, file.encoding=UTF-8, java.specification.version=1.8, java.class.path=/home/cdelabs/workspace/springbatchparallel/springbatchparallel/build/classes/java/test:/home/cdelabs/workspace/springbatchparallel/springbatchparallel/build/resources/test:/home/cdelabs/workspace/springbatchparallel/springbatchparallel/build/classes/java/main:/home/cdelabs/workspace/springbatchparallel/springbatchparallel/build/resources/main:/home/cdelabs/.gradle/caches/modules-2/files-2.1/org.springframework.boot/spring-boot-starter-batch/2.0.1.RELEASE/fb2dde4a16f642cb639fa289adb4fc99e7e49384/spring-boot-starter-batch-2.0.1.RELEASE.jar:/home/cdelabs/.gradle/caches/modules-2/files-2.1/org.hsqldb/hsqldb/2.4.0/195957160ed990dbc798207c0d577280d9919208/hsqldb-2.4.0.jar:/home/cdelabs/.gradle/caches/modules-2/files-2.1/org.springframework.boot/spring-boot-starter-test/2.0.1.RELEASE/d6204ede44fa7e1df01d25509837bfa4b767fa28/spring-boot-starter-test-2.0.1.RELEASE.jar:/home/cdelabs/.gradle/caches/modules-2/files-2.1/org.springframework.batch/spring-batch-test/4.0.1.RELEASE/2cc85341e0aeac3e240fddbffbef4675ddcbd70f/spring-batch-test-4.0.1.RELEASE.jar:/home/cdelabs/.gradle/caches/modules-2/files-2.1/org.springframework.boot/spring-boot-starter-jdbc/2.0.1.RELEASE/a22a7ac74388118938bfcd894318cd0c5a7c380b/spring-boot-starter-jdbc-2.0.1.RELEASE.jar:/home/cdelabs/.gradle/caches/modules-2/files-2.1/org.springframework.boot/spring-boot-starter/2.0.1.RELEASE/33abc1286b0aabea4f08ff4285d09e587835a716/spring-boot-starter-2.0.1.RELEASE.jar:/home/cdelabs/.gradle/caches/modules-2/files-2.1/org.springframework.batch/spring-batch-core/4.0.1.RELEASE/90526cfd8fc8fe4b937ff667717a147a5c1b218b/spring-batch-core-4.0.1.RELEASE.jar:/home/cdelabs/.gradle/caches/modules-2/files-2.1/org.springframework.boot/spring-boot-test-autoconfigure/2.0.1.RELEASE/c7a68c07f2a04323a67740f91d20818ec2e783b3/spring-boot-test-autoconfigure-2.0.1.RELEASE.jar:/home/cdelabs/.gradle/caches/modules-2/files-2.1/org.springframework.boot/spring-boot-test/2.0.1.RELEASE/77cede07b0e9da6c87d0dabcfe3e53ac56747d73/spring-boot-test-2.0.1.RELEASE.jar:/home/cdelabs/.gradle/caches/modules-2/files-2.1/com.jayway.jsonpath/json-path/2.4.0/765a4401ceb2dc8d40553c2075eb80a8fa35c2ae/json-path-2.4.0.jar:/home/cdelabs/.gradle/caches/modules-2/files-2.1/junit/junit/4.12/2973d150c0dc1fefe998f834810d68f278ea58ec/junit-4.12.jar:/home/cdelabs/.gradle/caches/modules-2/files-2.1/org.assertj/assertj-core/3.9.1/c5ce126b15f28d56cd8f960c1a6a058b9c9aea87/assertj-core-3.9.1.jar:/home/cdelabs/.gradle/caches/modules-2/files-2.1/org.mockito/mockito-core/2.15.0/b84bfbbc29cd22c9529409627af6ea2897f4fa85/mockito-core-2.15.0.jar:/home/cdelabs/.gradle/caches/modules-2/files-2.1/org.hamcrest/hamcrest-library/1.3/4785a3c21320980282f9f33d0d1264a69040538f/hamcrest-library-1.3.jar:/home/cdelabs/.gradle/caches/modules-2/files-2.1/org.hamcrest/hamcrest-core/1.3/42a25dc3219429f0e5d060061f71acb49bf010a0/hamcrest-core-1.3.jar:/home/cdelabs/.gradle/caches/modules-2/files-2.1/org.skyscreamer/jsonassert/1.5.0/6c9d5fe2f59da598d9aefc1cfc6528ff3cf32df3/jsonassert-1.5.0.jar:/home/cdelabs/.gradle/caches/modules-2/files-2.1/org.springframework/spring-test/5.0.5.RELEASE/f7e3b83447e54056a91de1294ae6888343648dff/spring-test-5.0.5.RELEASE.jar:/home/cdelabs/.gradle/caches/modules-2/files-2.1/org.springframework/spring-jdbc/5.0.5.RELEASE/456bc4d2281c37aa2f2206651a3048a1d3559d2a/spring-jdbc-5.0.5.RELEASE.jar:/home/cdelabs/.gradle/caches/modules-2/files-2.1/org.springframework.boot/spring-boot-autoconfigure/2.0.1.RELEASE/b0bf9d34ed70c6987a86cd58a009065e5fa02545/spring-boot-autoconfigure-2.0.1.RELEASE.jar:/home/cdelabs/.gradle/caches/modules-2/files-2.1/org.springframework.boot/spring-boot/2.0.1.RELEASE/b8c5b14cbb0e52fdded8f98a8c1493cc74c7cf59/spring-boot-2.0.1.RELEASE.jar:/home/cdelabs/.gradle/caches/modules-2/files-2.1/org.springframework.batch/spring-batch-infrastructure/4.0.1.RELEASE/e0f1d359cc3c91d8a0cb129f9dfed8fc018cfabd/spring-batch-infrastructure-4.0.1.RELEASE.jar:/home/cdelabs/.gradle/caches/modules-2/files-2.1/org.springframework/spring-context/5.0.5.RELEASE/9cca4bf5acb693249a01c218f471c677b951d6e2/spring-context-5.0.5.RELEASE.jar:/home/cdelabs/.gradle/caches/modules-2/files-2.1/org.springframework/spring-aop/5.0.5.RELEASE/b11b61b94d7fb752a1c9bf3461d655c3084fae47/spring-aop-5.0.5.RELEASE.jar:/home/cdelabs/.gradle/caches/modules-2/files-2.1/org.springframework/spring-tx/5.0.5.RELEASE/b772fbba533da282adc89f33e2619ee8a8bba601/spring-tx-5.0.5.RELEASE.jar:/home/cdelabs/.gradle/caches/modules-2/files-2.1/org.springframework/spring-beans/5.0.5.RELEASE/984445863c0bbdaaf860615762d998b471a6bf92/spring-beans-5.0.5.RELEASE.jar:/home/cdelabs/.gradle/caches/modules-2/files-2.1/org.springframework.retry/spring-retry/1.2.2.RELEASE/638928732585c450e461f0a132b6834ad7cf3af0/spring-retry-1.2.2.RELEASE.jar:/home/cdelabs/.gradle/caches/modules-2/files-2.1/org.springframework/spring-expression/5.0.5.RELEASE/fc6c7a95aeb7d00f4c65c338b08d97767eb0dd99/spring-expression-5.0.5.RELEASE.jar:/home/cdelabs/.gradle/caches/modules-2/files-2.1/org.springframework/spring-core/5.0.5.RELEASE/1bd9feb1d9dac6accd27f5244b6c47cfcb55045c/spring-core-5.0.5.RELEASE.jar:/home/cdelabs/.gradle/caches/modules-2/files-2.1/org.xmlunit/xmlunit-core/2.5.1/4ffdb346572a7356f7521cd3119ce5287d2e339d/xmlunit-core-2.5.1.jar:/home/cdelabs/.gradle/caches/modules-2/files-2.1/commons-collections/commons-collections/3.2.2/8ad72fe39fa8c91eaaf12aadb21e0c3661fe26d5/commons-collections-3.2.2.jar:/home/cdelabs/.gradle/caches/modules-2/files-2.1/commons-io/commons-io/2.6/815893df5f31da2ece4040fe0a12fd44b577afaf/commons-io-2.6.jar:/home/cdelabs/.gradle/caches/modules-2/files-2.1/org.springframework.boot/spring-boot-starter-logging/2.0.1.RELEASE/10681a28c95e9f9c0159327a1ed0c860517c7ad7/spring-boot-starter-logging-2.0.1.RELEASE.jar:/home/cdelabs/.gradle/caches/modules-2/files-2.1/javax.annotation/javax.annotation-api/1.3.2/934c04d3cfef185a8008e7bf34331b79730a9d43/javax.annotation-api-1.3.2.jar:/home/cdelabs/.gradle/caches/modules-2/files-2.1/org.yaml/snakeyaml/1.19/2d998d3d674b172a588e54ab619854d073f555b5/snakeyaml-1.19.jar:/home/cdelabs/.gradle/caches/modules-2/files-2.1/com.zaxxer/HikariCP/2.7.8/4a3a604fa2efa89621aa498d04e000b2bed90c39/HikariCP-2.7.8.jar:/home/cdelabs/.gradle/caches/modules-2/files-2.1/com.fasterxml.jackson.core/jackson-databind/2.9.5/3490508379d065fe3fcb80042b62f630f7588606/jackson-databind-2.9.5.jar:/home/cdelabs/.gradle/caches/modules-2/files-2.1/javax.batch/javax.batch-api/1.0/65392d027a6eb369fd9fcd1b75cae150e25ac03c/javax.batch-api-1.0.jar:/home/cdelabs/.gradle/caches/modules-2/files-2.1/org.codehaus.jettison/jettison/1.2/765a6181653f4b05c18c7a9e8f5c1f8269bf9b2/jettison-1.2.jar:/home/cdelabs/.gradle/caches/modules-2/files-2.1/net.minidev/json-smart/2.3/7396407491352ce4fa30de92efb158adb76b5b/json-smart-2.3.jar:/home/cdelabs/.gradle/caches/modules-2/files-2.1/ch.qos.logback/logback-classic/1.2.3/7c4f3c474fb2c041d8028740440937705ebb473a/logback-classic-1.2.3.jar:/home/cdelabs/.gradle/caches/modules-2/files-2.1/org.apache.logging.log4j/log4j-to-slf4j/2.10.0/f7e631ccf49cfc0aefa4a2a728da7d374c05bd3c/log4j-to-slf4j-2.10.0.jar:/home/cdelabs/.gradle/caches/modules-2/files-2.1/org.slf4j/jul-to-slf4j/1.7.25/af5364cd6679bfffb114f0dec8a157aaa283b76/jul-to-slf4j-1.7.25.jar:/home/cdelabs/.gradle/caches/modules-2/files-2.1/org.slf4j/slf4j-api/1.7.25/da76ca59f6a57ee3102f8f9bd9cee742973efa8a/slf4j-api-1.7.25.jar:/home/cdelabs/.gradle/caches/modules-2/files-2.1/net.bytebuddy/byte-buddy/1.7.11/f02857a4e2c66ccbe7aaad6100a0a6c461bce9b3/byte-buddy-1.7.11.jar:/home/cdelabs/.gradle/caches/modules-2/files-2.1/net.bytebuddy/byte-buddy-agent/1.7.11/b425a8933ca07edd03c6dbc8bc3b595fba9780de/byte-buddy-agent-1.7.11.jar:/home/cdelabs/.gradle/caches/modules-2/files-2.1/org.objenesis/objenesis/2.6/639033469776fd37c08358c6b92a4761feb2af4b/objenesis-2.6.jar:/home/cdelabs/.gradle/caches/modules-2/files-2.1/com.vaadin.external.google/android-json/0.0.20131108.vaadin1/fa26d351fe62a6a17f5cda1287c1c6110dec413f/android-json-0.0.20131108.vaadin1.jar:/home/cdelabs/.gradle/caches/modules-2/files-2.1/org.springframework/spring-jcl/5.0.5.RELEASE/f4a2854b9d865e8b86717595aec16f877f8c6489/spring-jcl-5.0.5.RELEASE.jar:/home/cdelabs/.gradle/caches/modules-2/files-2.1/com.fasterxml.jackson.core/jackson-annotations/2.9.0/7c10d545325e3a6e72e06381afe469fd40eb701/jackson-annotations-2.9.0.jar:/home/cdelabs/.gradle/caches/modules-2/files-2.1/com.fasterxml.jackson.core/jackson-core/2.9.5/a22ac51016944b06fd9ffbc9541c6e7ce5eea117/jackson-core-2.9.5.jar:/home/cdelabs/.gradle/caches/modules-2/files-2.1/net.minidev/accessors-smart/1.2/c592b500269bfde36096641b01238a8350f8aa31/accessors-smart-1.2.jar:/home/cdelabs/.gradle/caches/modules-2/files-2.1/ch.qos.logback/logback-core/1.2.3/864344400c3d4d92dfeb0a305dc87d953677c03c/logback-core-1.2.3.jar:/home/cdelabs/.gradle/caches/modules-2/files-2.1/org.apache.logging.log4j/log4j-api/2.10.0/fec5797a55b786184a537abd39c3fa1449d752d6/log4j-api-2.10.0.jar:/home/cdelabs/.gradle/caches/modules-2/files-2.1/org.ow2.asm/asm/5.0.4/da08b8cce7bbf903602a25a3a163ae252435795/asm-5.0.4.jar, user.name=cdelabs, java.vm.specification.version=1.8, sun.java.command=worker.org.gradle.process.internal.worker.GradleWorkerMain 'Gradle Test Executor 8', java.home=/usr/lib/jvm/java-8-oracle/jre, sun.arch.data.model=64, user.language=en, java.specification.vendor=Oracle Corporation, awt.toolkit=sun.awt.X11.XToolkit, java.vm.info=mixed mode, java.version=1.8.0_191, java.ext.dirs=/usr/lib/jvm/java-8-oracle/jre/lib/ext:/usr/java/packages/lib/ext, sun.boot.class.path=/usr/lib/jvm/java-8-oracle/jre/lib/resources.jar:/usr/lib/jvm/java-8-oracle/jre/lib/rt.jar:/usr/lib/jvm/java-8-oracle/jre/lib/sunrsasign.jar:/usr/lib/jvm/java-8-oracle/jre/lib/jsse.jar:/usr/lib/jvm/java-8-oracle/jre/lib/jce.jar:/usr/lib/jvm/java-8-oracle/jre/lib/charsets.jar:/usr/lib/jvm/java-8-oracle/jre/lib/jfr.jar:/usr/lib/jvm/java-8-oracle/jre/classes, java.vendor=Oracle Corporation, org.gradle.test.worker=8, file.separator=/, java.vendor.url.bug=http://bugreport.sun.com/bugreport/, sun.io.unicode.encoding=UnicodeLittle, sun.cpu.endian=little, sun.desktop=gnome, sun.cpu.isalist=}}, SystemEnvironmentPropertySource@2049422775 {name='systemEnvironment', properties={PATH=/usr/local/sbin:/usr/local/bin:/usr/sbin:/usr/bin:/sbin:/bin:/usr/games:/usr/local/games:/usr/lib/jvm/java-8-oracle/bin:/usr/lib/jvm/java-8-oracle/db/bin:/usr/lib/jvm/java-8-oracle/jre/bin, XAUTHORITY=/home/cdelabs/.Xauthority, XDG_DATA_DIRS=/usr/share/cinnamon:/usr/share/gnome:/home/cdelabs/.local/share/flatpak/exports/share:/var/lib/flatpak/exports/share:/usr/local/share:/usr/share, GDMSESSION=cinnamon, MANDATORY_PATH=/usr/share/gconf/cinnamon.mandatory.path, JAVA_HOME=/usr/lib/jvm/java-8-oracle, XDG_CONFIG_DIRS=/etc/xdg/xdg-cinnamon:/etc/xdg, LANG=en_US.UTF-8, XDG_SEAT_PATH=/org/freedesktop/DisplayManager/Seat0, DBUS_SESSION_BUS_ADDRESS=unix:path=/run/user/1000/bus, XDG_SESSION_ID=c2, XDG_SESSION_TYPE=x11, DEFAULTS_PATH=/usr/share/gconf/cinnamon.default.path, XDG_CURRENT_DESKTOP=X-Cinnamon, DISPLAY=:0, SSH_AGENT_PID=1440, SESSION_MANAGER=local/cdelabs:@/tmp/.ICE-unix/1376,unix/cdelabs:/tmp/.ICE-unix/1376, LOGNAME=cdelabs, CINNAMON_VERSION=3.8.9, PWD=/home/cdelabs, DERBY_HOME=/usr/lib/jvm/java-8-oracle/db, LANGUAGE=en_US, GJS_DEBUG_TOPICS=JS ERROR;JS LOG, GDM_LANG=en_US, SHELL=/bin/bash, XDG_GREETER_DATA_DIR=/var/lib/lightdm-data/cdelabs, GIO_LAUNCHED_DESKTOP_FILE=/home/cdelabs/.local/share/applications/jetbrains-idea-ce.desktop, J2SDKDIR=/usr/lib/jvm/java-8-oracle, GPG_AGENT_INFO=/run/user/1000/gnupg/S.gpg-agent:0:1, DESKTOP_SESSION=cinnamon, OLDPWD=/home/cdelabs/idea-IC-182.4892.20/bin, USER=cdelabs, GIO_LAUNCHED_DESKTOP_FILE_PID=1865, QT_ACCESSIBILITY=1, GJS_DEBUG_OUTPUT=stderr, GNOME_DESKTOP_SESSION_ID=this-is-deprecated, SSH_AUTH_SOCK=/run/user/1000/keyring/ssh, XDG_SEAT=seat0, GTK_MODULES=gail:atk-bridge, J2REDIR=/usr/lib/jvm/java-8-oracle/jre, GTK_OVERLAY_SCROLLING=1, XDG_SESSION_PATH=/org/freedesktop/DisplayManager/Session0, QT_QPA_PLATFORMTHEME=qt5ct, XDG_VTNR=7, XDG_RUNTIME_DIR=/run/user/1000, XDG_SESSION_DESKTOP=cinnamon, HOME=/home/cdelabs, SHLVL=0}}]
14:45:24.184 [Test worker] DEBUG org.springframework.core.io.support.PathMatchingResourcePatternResolver - Resolved classpath location [com/jcg/springbatchparallel/] to resources [URL [file:/home/cdelabs/workspace/springbatchparallel/springbatchparallel/build/classes/java/test/com/jcg/springbatchparallel/], URL [file:/home/cdelabs/workspace/springbatchparallel/springbatchparallel/build/classes/java/main/com/jcg/springbatchparallel/]]
14:45:24.185 [Test worker] DEBUG org.springframework.core.io.support.PathMatchingResourcePatternResolver - Looking for matching resources in directory tree [/home/cdelabs/workspace/springbatchparallel/springbatchparallel/build/classes/java/test/com/jcg/springbatchparallel]
14:45:24.185 [Test worker] DEBUG org.springframework.core.io.support.PathMatchingResourcePatternResolver - Searching directory [/home/cdelabs/workspace/springbatchparallel/springbatchparallel/build/classes/java/test/com/jcg/springbatchparallel] for files matching pattern [/home/cdelabs/workspace/springbatchparallel/springbatchparallel/build/classes/java/test/com/jcg/springbatchparallel/*.class]
14:45:24.187 [Test worker] DEBUG org.springframework.core.io.support.PathMatchingResourcePatternResolver - Looking for matching resources in directory tree [/home/cdelabs/workspace/springbatchparallel/springbatchparallel/build/classes/java/main/com/jcg/springbatchparallel]
14:45:24.187 [Test worker] DEBUG org.springframework.core.io.support.PathMatchingResourcePatternResolver - Searching directory [/home/cdelabs/workspace/springbatchparallel/springbatchparallel/build/classes/java/main/com/jcg/springbatchparallel] for files matching pattern [/home/cdelabs/workspace/springbatchparallel/springbatchparallel/build/classes/java/main/com/jcg/springbatchparallel/*.class]
14:45:24.188 [Test worker] DEBUG org.springframework.core.io.support.PathMatchingResourcePatternResolver - Resolved location pattern [classpath*:com/jcg/springbatchparallel/*.class] to resources [file [/home/cdelabs/workspace/springbatchparallel/springbatchparallel/build/classes/java/test/com/jcg/springbatchparallel/SpringbatchparallelApplicationTests.class], file [/home/cdelabs/workspace/springbatchparallel/springbatchparallel/build/classes/java/main/com/jcg/springbatchparallel/SpringBatchParallelApplication.class]]
14:45:24.254 [Test worker] DEBUG org.springframework.context.annotation.ClassPathScanningCandidateComponentProvider - Identified candidate component class: file [/home/cdelabs/workspace/springbatchparallel/springbatchparallel/build/classes/java/main/com/jcg/springbatchparallel/SpringBatchParallelApplication.class]
14:45:24.255 [Test worker] INFO org.springframework.boot.test.context.SpringBootTestContextBootstrapper - Found @SpringBootConfiguration com.jcg.springbatchparallel.SpringBatchParallelApplication for test class com.jcg.springbatchparallel.SpringbatchparallelApplicationTests
14:45:24.403 [Test worker] DEBUG org.springframework.boot.test.context.SpringBootTestContextBootstrapper - @TestExecutionListeners is not present for class [com.jcg.springbatchparallel.SpringbatchparallelApplicationTests]: using defaults.
14:45:24.407 [Test worker] INFO org.springframework.boot.test.context.SpringBootTestContextBootstrapper - Loaded default TestExecutionListener class names from location [META-INF/spring.factories]: [org.springframework.boot.test.autoconfigure.restdocs.RestDocsTestExecutionListener, org.springframework.boot.test.autoconfigure.web.client.MockRestServiceServerResetTestExecutionListener, org.springframework.boot.test.autoconfigure.web.servlet.MockMvcPrintOnlyOnFailureTestExecutionListener, org.springframework.boot.test.autoconfigure.web.servlet.WebDriverTestExecutionListener, org.springframework.boot.test.mock.mockito.MockitoTestExecutionListener, org.springframework.boot.test.mock.mockito.ResetMocksTestExecutionListener, org.springframework.test.context.web.ServletTestExecutionListener, org.springframework.test.context.support.DirtiesContextBeforeModesTestExecutionListener, org.springframework.test.context.support.DependencyInjectionTestExecutionListener, org.springframework.test.context.support.DirtiesContextTestExecutionListener, org.springframework.test.context.transaction.TransactionalTestExecutionListener, org.springframework.test.context.jdbc.SqlScriptsTestExecutionListener]
14:45:24.449 [Test worker] DEBUG org.springframework.boot.test.context.SpringBootTestContextBootstrapper - Skipping candidate TestExecutionListener [org.springframework.test.context.web.ServletTestExecutionListener] due to a missing dependency. Specify custom listener classes or make the default listener classes and their required dependencies available. Offending class: [javax/servlet/ServletContext]
14:45:24.454 [Test worker] INFO org.springframework.boot.test.context.SpringBootTestContextBootstrapper - Using TestExecutionListeners: [org.springframework.test.context.support.DirtiesContextBeforeModesTestExecutionListener@1b082eac, org.springframework.boot.test.mock.mockito.MockitoTestExecutionListener@379d11a8, org.springframework.boot.test.autoconfigure.SpringBootDependencyInjectionTestExecutionListener@5aa92bae, org.springframework.test.context.support.DirtiesContextTestExecutionListener@58cac271, org.springframework.test.context.transaction.TransactionalTestExecutionListener@2edfa8a, org.springframework.test.context.jdbc.SqlScriptsTestExecutionListener@5d22bb2e, org.springframework.boot.test.autoconfigure.restdocs.RestDocsTestExecutionListener@4e450f7f, org.springframework.boot.test.autoconfigure.web.client.MockRestServiceServerResetTestExecutionListener@4092958c, org.springframework.boot.test.autoconfigure.web.servlet.MockMvcPrintOnlyOnFailureTestExecutionListener@2dc60ebe, org.springframework.boot.test.autoconfigure.web.servlet.WebDriverTestExecutionListener@65f53be3, org.springframework.boot.test.mock.mockito.ResetMocksTestExecutionListener@3adeed5]
14:45:24.456 [Test worker] DEBUG org.springframework.test.annotation.ProfileValueUtils - Retrieved @ProfileValueSourceConfiguration [null] for test class [com.jcg.springbatchparallel.SpringbatchparallelApplicationTests]
14:45:24.456 [Test worker] DEBUG org.springframework.test.annotation.ProfileValueUtils - Retrieved ProfileValueSource type [class org.springframework.test.annotation.SystemProfileValueSource] for class [com.jcg.springbatchparallel.SpringbatchparallelApplicationTests]
14:45:24.457 [Test worker] DEBUG org.springframework.test.annotation.ProfileValueUtils - Retrieved @ProfileValueSourceConfiguration [null] for test class [com.jcg.springbatchparallel.SpringbatchparallelApplicationTests]
14:45:24.457 [Test worker] DEBUG org.springframework.test.annotation.ProfileValueUtils - Retrieved ProfileValueSource type [class org.springframework.test.annotation.SystemProfileValueSource] for class [com.jcg.springbatchparallel.SpringbatchparallelApplicationTests]
14:45:24.460 [Test worker] DEBUG org.springframework.test.context.support.AbstractDirtiesContextTestExecutionListener - Before test class: context [DefaultTestContext@7b830549 testClass = SpringbatchparallelApplicationTests, testInstance = [null], testMethod = [null], testException = [null], mergedContextConfiguration = [MergedContextConfiguration@767dbc7a testClass = SpringbatchparallelApplicationTests, locations = '{}', classes = '{class com.jcg.springbatchparallel.SpringBatchParallelApplication}', contextInitializerClasses = '[]', activeProfiles = '{}', propertySourceLocations = '{}', propertySourceProperties = '{org.springframework.boot.test.context.SpringBootTestContextBootstrapper=true}', contextCustomizers = set[org.springframework.boot.test.autoconfigure.properties.PropertyMappingContextCustomizer@0, org.springframework.boot.test.autoconfigure.web.servlet.WebDriverContextCustomizerFactory$Customizer@47598afc, org.springframework.boot.test.context.filter.ExcludeFilterContextCustomizer@3deab4c, org.springframework.boot.test.json.DuplicateJsonObjectContextCustomizerFactory$DuplicateJsonObjectContextCustomizer@16f3c8ae, org.springframework.boot.test.mock.mockito.MockitoContextCustomizer@0, org.springframework.boot.test.web.client.TestRestTemplateContextCustomizer@4350ba0e], contextLoader = 'org.springframework.boot.test.context.SpringBootContextLoader', parent = [null]], attributes = map[[empty]]], class annotated with @DirtiesContext [false] with mode [null].
14:45:24.460 [Test worker] DEBUG org.springframework.test.annotation.ProfileValueUtils - Retrieved @ProfileValueSourceConfiguration [null] for test class [com.jcg.springbatchparallel.SpringbatchparallelApplicationTests]
14:45:24.460 [Test worker] DEBUG org.springframework.test.annotation.ProfileValueUtils - Retrieved ProfileValueSource type [class org.springframework.test.annotation.SystemProfileValueSource] for class [com.jcg.springbatchparallel.SpringbatchparallelApplicationTests]
14:45:24.463 [Test worker] DEBUG org.springframework.test.context.support.DependencyInjectionTestExecutionListener - Performing dependency injection for test context [[DefaultTestContext@7b830549 testClass = SpringbatchparallelApplicationTests, testInstance = com.jcg.springbatchparallel.SpringbatchparallelApplicationTests@b016be, testMethod = [null], testException = [null], mergedContextConfiguration = [MergedContextConfiguration@767dbc7a testClass = SpringbatchparallelApplicationTests, locations = '{}', classes = '{class com.jcg.springbatchparallel.SpringBatchParallelApplication}', contextInitializerClasses = '[]', activeProfiles = '{}', propertySourceLocations = '{}', propertySourceProperties = '{org.springframework.boot.test.context.SpringBootTestContextBootstrapper=true}', contextCustomizers = set[org.springframework.boot.test.autoconfigure.properties.PropertyMappingContextCustomizer@0, org.springframework.boot.test.autoconfigure.web.servlet.WebDriverContextCustomizerFactory$Customizer@47598afc, org.springframework.boot.test.context.filter.ExcludeFilterContextCustomizer@3deab4c, org.springframework.boot.test.json.DuplicateJsonObjectContextCustomizerFactory$DuplicateJsonObjectContextCustomizer@16f3c8ae, org.springframework.boot.test.mock.mockito.MockitoContextCustomizer@0, org.springframework.boot.test.web.client.TestRestTemplateContextCustomizer@4350ba0e], contextLoader = 'org.springframework.boot.test.context.SpringBootContextLoader', parent = [null]], attributes = map[[empty]]]].
14:45:24.488 [Test worker] DEBUG org.springframework.core.env.StandardEnvironment - Adding PropertySource 'systemProperties' with lowest search precedence
14:45:24.488 [Test worker] DEBUG org.springframework.core.env.StandardEnvironment - Adding PropertySource 'systemEnvironment' with lowest search precedence
14:45:24.488 [Test worker] DEBUG org.springframework.core.env.StandardEnvironment - Initialized StandardEnvironment with PropertySources [MapPropertySource@506825004 {name='systemProperties', properties={java.runtime.name=Java(TM) SE Runtime Environment, sun.boot.library.path=/usr/lib/jvm/java-8-oracle/jre/lib/amd64, java.vm.version=25.191-b12, java.vm.vendor=Oracle Corporation, java.vendor.url=http://java.oracle.com/, path.separator=:, java.vm.name=Java HotSpot(TM) 64-Bit Server VM, file.encoding.pkg=sun.io, sun.java.launcher=SUN_STANDARD, user.country=US, sun.os.patch.level=unknown, java.vm.specification.name=Java Virtual Machine Specification, user.dir=/home/cdelabs/workspace/springbatchparallel/springbatchparallel, java.runtime.version=1.8.0_191-b12, java.awt.graphicsenv=sun.awt.X11GraphicsEnvironment, java.endorsed.dirs=/usr/lib/jvm/java-8-oracle/jre/lib/endorsed, os.arch=amd64, java.io.tmpdir=/tmp, line.separator=
, java.vm.specification.vendor=Oracle Corporation, user.variant=, os.name=Linux, sun.jnu.encoding=UTF-8, java.library.path=/usr/java/packages/lib/amd64:/usr/lib64:/lib64:/lib:/usr/lib, java.specification.name=Java Platform API Specification, java.class.version=52.0, org.gradle.native=false, sun.management.compiler=HotSpot 64-Bit Tiered Compilers, os.version=4.15.0-39-generic, user.home=/home/cdelabs, user.timezone=America/Chicago, java.awt.printerjob=sun.print.PSPrinterJob, file.encoding=UTF-8, java.specification.version=1.8, java.class.path=/home/cdelabs/workspace/springbatchparallel/springbatchparallel/build/classes/java/test:/home/cdelabs/workspace/springbatchparallel/springbatchparallel/build/resources/test:/home/cdelabs/workspace/springbatchparallel/springbatchparallel/build/classes/java/main:/home/cdelabs/workspace/springbatchparallel/springbatchparallel/build/resources/main:/home/cdelabs/.gradle/caches/modules-2/files-2.1/org.springframework.boot/spring-boot-starter-batch/2.0.1.RELEASE/fb2dde4a16f642cb639fa289adb4fc99e7e49384/spring-boot-starter-batch-2.0.1.RELEASE.jar:/home/cdelabs/.gradle/caches/modules-2/files-2.1/org.hsqldb/hsqldb/2.4.0/195957160ed990dbc798207c0d577280d9919208/hsqldb-2.4.0.jar:/home/cdelabs/.gradle/caches/modules-2/files-2.1/org.springframework.boot/spring-boot-starter-test/2.0.1.RELEASE/d6204ede44fa7e1df01d25509837bfa4b767fa28/spring-boot-starter-test-2.0.1.RELEASE.jar:/home/cdelabs/.gradle/caches/modules-2/files-2.1/org.springframework.batch/spring-batch-test/4.0.1.RELEASE/2cc85341e0aeac3e240fddbffbef4675ddcbd70f/spring-batch-test-4.0.1.RELEASE.jar:/home/cdelabs/.gradle/caches/modules-2/files-2.1/org.springframework.boot/spring-boot-starter-jdbc/2.0.1.RELEASE/a22a7ac74388118938bfcd894318cd0c5a7c380b/spring-boot-starter-jdbc-2.0.1.RELEASE.jar:/home/cdelabs/.gradle/caches/modules-2/files-2.1/org.springframework.boot/spring-boot-starter/2.0.1.RELEASE/33abc1286b0aabea4f08ff4285d09e587835a716/spring-boot-starter-2.0.1.RELEASE.jar:/home/cdelabs/.gradle/caches/modules-2/files-2.1/org.springframework.batch/spring-batch-core/4.0.1.RELEASE/90526cfd8fc8fe4b937ff667717a147a5c1b218b/spring-batch-core-4.0.1.RELEASE.jar:/home/cdelabs/.gradle/caches/modules-2/files-2.1/org.springframework.boot/spring-boot-test-autoconfigure/2.0.1.RELEASE/c7a68c07f2a04323a67740f91d20818ec2e783b3/spring-boot-test-autoconfigure-2.0.1.RELEASE.jar:/home/cdelabs/.gradle/caches/modules-2/files-2.1/org.springframework.boot/spring-boot-test/2.0.1.RELEASE/77cede07b0e9da6c87d0dabcfe3e53ac56747d73/spring-boot-test-2.0.1.RELEASE.jar:/home/cdelabs/.gradle/caches/modules-2/files-2.1/com.jayway.jsonpath/json-path/2.4.0/765a4401ceb2dc8d40553c2075eb80a8fa35c2ae/json-path-2.4.0.jar:/home/cdelabs/.gradle/caches/modules-2/files-2.1/junit/junit/4.12/2973d150c0dc1fefe998f834810d68f278ea58ec/junit-4.12.jar:/home/cdelabs/.gradle/caches/modules-2/files-2.1/org.assertj/assertj-core/3.9.1/c5ce126b15f28d56cd8f960c1a6a058b9c9aea87/assertj-core-3.9.1.jar:/home/cdelabs/.gradle/caches/modules-2/files-2.1/org.mockito/mockito-core/2.15.0/b84bfbbc29cd22c9529409627af6ea2897f4fa85/mockito-core-2.15.0.jar:/home/cdelabs/.gradle/caches/modules-2/files-2.1/org.hamcrest/hamcrest-library/1.3/4785a3c21320980282f9f33d0d1264a69040538f/hamcrest-library-1.3.jar:/home/cdelabs/.gradle/caches/modules-2/files-2.1/org.hamcrest/hamcrest-core/1.3/42a25dc3219429f0e5d060061f71acb49bf010a0/hamcrest-core-1.3.jar:/home/cdelabs/.gradle/caches/modules-2/files-2.1/org.skyscreamer/jsonassert/1.5.0/6c9d5fe2f59da598d9aefc1cfc6528ff3cf32df3/jsonassert-1.5.0.jar:/home/cdelabs/.gradle/caches/modules-2/files-2.1/org.springframework/spring-test/5.0.5.RELEASE/f7e3b83447e54056a91de1294ae6888343648dff/spring-test-5.0.5.RELEASE.jar:/home/cdelabs/.gradle/caches/modules-2/files-2.1/org.springframework/spring-jdbc/5.0.5.RELEASE/456bc4d2281c37aa2f2206651a3048a1d3559d2a/spring-jdbc-5.0.5.RELEASE.jar:/home/cdelabs/.gradle/caches/modules-2/files-2.1/org.springframework.boot/spring-boot-autoconfigure/2.0.1.RELEASE/b0bf9d34ed70c6987a86cd58a009065e5fa02545/spring-boot-autoconfigure-2.0.1.RELEASE.jar:/home/cdelabs/.gradle/caches/modules-2/files-2.1/org.springframework.boot/spring-boot/2.0.1.RELEASE/b8c5b14cbb0e52fdded8f98a8c1493cc74c7cf59/spring-boot-2.0.1.RELEASE.jar:/home/cdelabs/.gradle/caches/modules-2/files-2.1/org.springframework.batch/spring-batch-infrastructure/4.0.1.RELEASE/e0f1d359cc3c91d8a0cb129f9dfed8fc018cfabd/spring-batch-infrastructure-4.0.1.RELEASE.jar:/home/cdelabs/.gradle/caches/modules-2/files-2.1/org.springframework/spring-context/5.0.5.RELEASE/9cca4bf5acb693249a01c218f471c677b951d6e2/spring-context-5.0.5.RELEASE.jar:/home/cdelabs/.gradle/caches/modules-2/files-2.1/org.springframework/spring-aop/5.0.5.RELEASE/b11b61b94d7fb752a1c9bf3461d655c3084fae47/spring-aop-5.0.5.RELEASE.jar:/home/cdelabs/.gradle/caches/modules-2/files-2.1/org.springframework/spring-tx/5.0.5.RELEASE/b772fbba533da282adc89f33e2619ee8a8bba601/spring-tx-5.0.5.RELEASE.jar:/home/cdelabs/.gradle/caches/modules-2/files-2.1/org.springframework/spring-beans/5.0.5.RELEASE/984445863c0bbdaaf860615762d998b471a6bf92/spring-beans-5.0.5.RELEASE.jar:/home/cdelabs/.gradle/caches/modules-2/files-2.1/org.springframework.retry/spring-retry/1.2.2.RELEASE/638928732585c450e461f0a132b6834ad7cf3af0/spring-retry-1.2.2.RELEASE.jar:/home/cdelabs/.gradle/caches/modules-2/files-2.1/org.springframework/spring-expression/5.0.5.RELEASE/fc6c7a95aeb7d00f4c65c338b08d97767eb0dd99/spring-expression-5.0.5.RELEASE.jar:/home/cdelabs/.gradle/caches/modules-2/files-2.1/org.springframework/spring-core/5.0.5.RELEASE/1bd9feb1d9dac6accd27f5244b6c47cfcb55045c/spring-core-5.0.5.RELEASE.jar:/home/cdelabs/.gradle/caches/modules-2/files-2.1/org.xmlunit/xmlunit-core/2.5.1/4ffdb346572a7356f7521cd3119ce5287d2e339d/xmlunit-core-2.5.1.jar:/home/cdelabs/.gradle/caches/modules-2/files-2.1/commons-collections/commons-collections/3.2.2/8ad72fe39fa8c91eaaf12aadb21e0c3661fe26d5/commons-collections-3.2.2.jar:/home/cdelabs/.gradle/caches/modules-2/files-2.1/commons-io/commons-io/2.6/815893df5f31da2ece4040fe0a12fd44b577afaf/commons-io-2.6.jar:/home/cdelabs/.gradle/caches/modules-2/files-2.1/org.springframework.boot/spring-boot-starter-logging/2.0.1.RELEASE/10681a28c95e9f9c0159327a1ed0c860517c7ad7/spring-boot-starter-logging-2.0.1.RELEASE.jar:/home/cdelabs/.gradle/caches/modules-2/files-2.1/javax.annotation/javax.annotation-api/1.3.2/934c04d3cfef185a8008e7bf34331b79730a9d43/javax.annotation-api-1.3.2.jar:/home/cdelabs/.gradle/caches/modules-2/files-2.1/org.yaml/snakeyaml/1.19/2d998d3d674b172a588e54ab619854d073f555b5/snakeyaml-1.19.jar:/home/cdelabs/.gradle/caches/modules-2/files-2.1/com.zaxxer/HikariCP/2.7.8/4a3a604fa2efa89621aa498d04e000b2bed90c39/HikariCP-2.7.8.jar:/home/cdelabs/.gradle/caches/modules-2/files-2.1/com.fasterxml.jackson.core/jackson-databind/2.9.5/3490508379d065fe3fcb80042b62f630f7588606/jackson-databind-2.9.5.jar:/home/cdelabs/.gradle/caches/modules-2/files-2.1/javax.batch/javax.batch-api/1.0/65392d027a6eb369fd9fcd1b75cae150e25ac03c/javax.batch-api-1.0.jar:/home/cdelabs/.gradle/caches/modules-2/files-2.1/org.codehaus.jettison/jettison/1.2/765a6181653f4b05c18c7a9e8f5c1f8269bf9b2/jettison-1.2.jar:/home/cdelabs/.gradle/caches/modules-2/files-2.1/net.minidev/json-smart/2.3/7396407491352ce4fa30de92efb158adb76b5b/json-smart-2.3.jar:/home/cdelabs/.gradle/caches/modules-2/files-2.1/ch.qos.logback/logback-classic/1.2.3/7c4f3c474fb2c041d8028740440937705ebb473a/logback-classic-1.2.3.jar:/home/cdelabs/.gradle/caches/modules-2/files-2.1/org.apache.logging.log4j/log4j-to-slf4j/2.10.0/f7e631ccf49cfc0aefa4a2a728da7d374c05bd3c/log4j-to-slf4j-2.10.0.jar:/home/cdelabs/.gradle/caches/modules-2/files-2.1/org.slf4j/jul-to-slf4j/1.7.25/af5364cd6679bfffb114f0dec8a157aaa283b76/jul-to-slf4j-1.7.25.jar:/home/cdelabs/.gradle/caches/modules-2/files-2.1/org.slf4j/slf4j-api/1.7.25/da76ca59f6a57ee3102f8f9bd9cee742973efa8a/slf4j-api-1.7.25.jar:/home/cdelabs/.gradle/caches/modules-2/files-2.1/net.bytebuddy/byte-buddy/1.7.11/f02857a4e2c66ccbe7aaad6100a0a6c461bce9b3/byte-buddy-1.7.11.jar:/home/cdelabs/.gradle/caches/modules-2/files-2.1/net.bytebuddy/byte-buddy-agent/1.7.11/b425a8933ca07edd03c6dbc8bc3b595fba9780de/byte-buddy-agent-1.7.11.jar:/home/cdelabs/.gradle/caches/modules-2/files-2.1/org.objenesis/objenesis/2.6/639033469776fd37c08358c6b92a4761feb2af4b/objenesis-2.6.jar:/home/cdelabs/.gradle/caches/modules-2/files-2.1/com.vaadin.external.google/android-json/0.0.20131108.vaadin1/fa26d351fe62a6a17f5cda1287c1c6110dec413f/android-json-0.0.20131108.vaadin1.jar:/home/cdelabs/.gradle/caches/modules-2/files-2.1/org.springframework/spring-jcl/5.0.5.RELEASE/f4a2854b9d865e8b86717595aec16f877f8c6489/spring-jcl-5.0.5.RELEASE.jar:/home/cdelabs/.gradle/caches/modules-2/files-2.1/com.fasterxml.jackson.core/jackson-annotations/2.9.0/7c10d545325e3a6e72e06381afe469fd40eb701/jackson-annotations-2.9.0.jar:/home/cdelabs/.gradle/caches/modules-2/files-2.1/com.fasterxml.jackson.core/jackson-core/2.9.5/a22ac51016944b06fd9ffbc9541c6e7ce5eea117/jackson-core-2.9.5.jar:/home/cdelabs/.gradle/caches/modules-2/files-2.1/net.minidev/accessors-smart/1.2/c592b500269bfde36096641b01238a8350f8aa31/accessors-smart-1.2.jar:/home/cdelabs/.gradle/caches/modules-2/files-2.1/ch.qos.logback/logback-core/1.2.3/864344400c3d4d92dfeb0a305dc87d953677c03c/logback-core-1.2.3.jar:/home/cdelabs/.gradle/caches/modules-2/files-2.1/org.apache.logging.log4j/log4j-api/2.10.0/fec5797a55b786184a537abd39c3fa1449d752d6/log4j-api-2.10.0.jar:/home/cdelabs/.gradle/caches/modules-2/files-2.1/org.ow2.asm/asm/5.0.4/da08b8cce7bbf903602a25a3a163ae252435795/asm-5.0.4.jar, user.name=cdelabs, java.vm.specification.version=1.8, sun.java.command=worker.org.gradle.process.internal.worker.GradleWorkerMain 'Gradle Test Executor 8', java.home=/usr/lib/jvm/java-8-oracle/jre, sun.arch.data.model=64, user.language=en, java.specification.vendor=Oracle Corporation, awt.toolkit=sun.awt.X11.XToolkit, java.vm.info=mixed mode, java.version=1.8.0_191, java.ext.dirs=/usr/lib/jvm/java-8-oracle/jre/lib/ext:/usr/java/packages/lib/ext, sun.boot.class.path=/usr/lib/jvm/java-8-oracle/jre/lib/resources.jar:/usr/lib/jvm/java-8-oracle/jre/lib/rt.jar:/usr/lib/jvm/java-8-oracle/jre/lib/sunrsasign.jar:/usr/lib/jvm/java-8-oracle/jre/lib/jsse.jar:/usr/lib/jvm/java-8-oracle/jre/lib/jce.jar:/usr/lib/jvm/java-8-oracle/jre/lib/charsets.jar:/usr/lib/jvm/java-8-oracle/jre/lib/jfr.jar:/usr/lib/jvm/java-8-oracle/jre/classes, java.vendor=Oracle Corporation, org.gradle.test.worker=8, file.separator=/, java.vendor.url.bug=http://bugreport.sun.com/bugreport/, sun.io.unicode.encoding=UnicodeLittle, sun.cpu.endian=little, sun.desktop=gnome, sun.cpu.isalist=}}, SystemEnvironmentPropertySource@255979201 {name='systemEnvironment', properties={PATH=/usr/local/sbin:/usr/local/bin:/usr/sbin:/usr/bin:/sbin:/bin:/usr/games:/usr/local/games:/usr/lib/jvm/java-8-oracle/bin:/usr/lib/jvm/java-8-oracle/db/bin:/usr/lib/jvm/java-8-oracle/jre/bin, XAUTHORITY=/home/cdelabs/.Xauthority, XDG_DATA_DIRS=/usr/share/cinnamon:/usr/share/gnome:/home/cdelabs/.local/share/flatpak/exports/share:/var/lib/flatpak/exports/share:/usr/local/share:/usr/share, GDMSESSION=cinnamon, MANDATORY_PATH=/usr/share/gconf/cinnamon.mandatory.path, JAVA_HOME=/usr/lib/jvm/java-8-oracle, XDG_CONFIG_DIRS=/etc/xdg/xdg-cinnamon:/etc/xdg, LANG=en_US.UTF-8, XDG_SEAT_PATH=/org/freedesktop/DisplayManager/Seat0, DBUS_SESSION_BUS_ADDRESS=unix:path=/run/user/1000/bus, XDG_SESSION_ID=c2, XDG_SESSION_TYPE=x11, DEFAULTS_PATH=/usr/share/gconf/cinnamon.default.path, XDG_CURRENT_DESKTOP=X-Cinnamon, DISPLAY=:0, SSH_AGENT_PID=1440, SESSION_MANAGER=local/cdelabs:@/tmp/.ICE-unix/1376,unix/cdelabs:/tmp/.ICE-unix/1376, LOGNAME=cdelabs, CINNAMON_VERSION=3.8.9, PWD=/home/cdelabs, DERBY_HOME=/usr/lib/jvm/java-8-oracle/db, LANGUAGE=en_US, GJS_DEBUG_TOPICS=JS ERROR;JS LOG, GDM_LANG=en_US, SHELL=/bin/bash, XDG_GREETER_DATA_DIR=/var/lib/lightdm-data/cdelabs, GIO_LAUNCHED_DESKTOP_FILE=/home/cdelabs/.local/share/applications/jetbrains-idea-ce.desktop, J2SDKDIR=/usr/lib/jvm/java-8-oracle, GPG_AGENT_INFO=/run/user/1000/gnupg/S.gpg-agent:0:1, DESKTOP_SESSION=cinnamon, OLDPWD=/home/cdelabs/idea-IC-182.4892.20/bin, USER=cdelabs, GIO_LAUNCHED_DESKTOP_FILE_PID=1865, QT_ACCESSIBILITY=1, GJS_DEBUG_OUTPUT=stderr, GNOME_DESKTOP_SESSION_ID=this-is-deprecated, SSH_AUTH_SOCK=/run/user/1000/keyring/ssh, XDG_SEAT=seat0, GTK_MODULES=gail:atk-bridge, J2REDIR=/usr/lib/jvm/java-8-oracle/jre, GTK_OVERLAY_SCROLLING=1, XDG_SESSION_PATH=/org/freedesktop/DisplayManager/Session0, QT_QPA_PLATFORMTHEME=qt5ct, XDG_VTNR=7, XDG_RUNTIME_DIR=/run/user/1000, XDG_SESSION_DESKTOP=cinnamon, HOME=/home/cdelabs, SHLVL=0}}]
14:45:24.490 [Test worker] DEBUG org.springframework.test.context.support.TestPropertySourceUtils - Adding inlined properties to environment: {spring.jmx.enabled=false, org.springframework.boot.test.context.SpringBootTestContextBootstrapper=true, server.port=-1}
14:45:24.490 [Test worker] DEBUG org.springframework.core.env.StandardEnvironment - Adding PropertySource 'Inlined Test Properties' with highest search precedence

  .   ____          _            __ _ _
 /\\ / ___'_ __ _ _(_)_ __  __ _ \ \ \ \
( ( )\___ | '_ | '_| | '_ \/ _` | \ \ \ \
 \\/  ___)| |_)| | | | | || (_| |  ) ) ) )
  '  |____| .__|_| |_|_| |_\__, | / / / /
 =========|_|==============|___/=/_/_/_/
 :: Spring Boot ::        (v2.0.1.RELEASE)

2019-01-18 14:45:24.921  INFO 15127 --- [    Test worker] .j.s.SpringbatchparallelApplicationTests : Starting SpringbatchparallelApplicationTests on cdelabs with PID 15127 (started by cdelabs in /home/cdelabs/workspace/springbatchparallel/springbatchparallel)
2019-01-18 14:45:24.922  INFO 15127 --- [    Test worker] .j.s.SpringbatchparallelApplicationTests : No active profile set, falling back to default profiles: default
2019-01-18 14:45:24.972  INFO 15127 --- [    Test worker] s.c.a.AnnotationConfigApplicationContext : Refreshing org.springframework.context.annotation.AnnotationConfigApplicationContext@6cd9fac2: startup date [Fri Jan 18 14:45:24 CST 2019]; root of context hierarchy
2019-01-18 14:45:26.506  INFO 15127 --- [    Test worker] com.zaxxer.hikari.HikariDataSource       : HikariPool-1 - Starting...
2019-01-18 14:45:26.510  WARN 15127 --- [    Test worker] com.zaxxer.hikari.util.DriverDataSource  : Registered driver with driverClassName=org.hsqldb.jdbcDriver was not found, trying direct instantiation.
2019-01-18 14:45:27.229  INFO 15127 --- [    Test worker] com.zaxxer.hikari.pool.PoolBase          : HikariPool-1 - Driver does not support get/set network timeout for connections. (feature not supported)
2019-01-18 14:45:27.233  INFO 15127 --- [    Test worker] com.zaxxer.hikari.HikariDataSource       : HikariPool-1 - Start completed.
2019-01-18 14:45:27.240  INFO 15127 --- [    Test worker] o.s.b.c.r.s.JobRepositoryFactoryBean     : No database type set, using meta data indicating: HSQL
2019-01-18 14:45:27.432  INFO 15127 --- [    Test worker] o.s.b.c.l.support.SimpleJobLauncher      : No TaskExecutor has been set, defaulting to synchronous executor.
2019-01-18 14:45:27.482  INFO 15127 --- [    Test worker] o.s.jdbc.datasource.init.ScriptUtils     : Executing SQL script from class path resource [org/springframework/batch/core/schema-hsqldb.sql]
2019-01-18 14:45:27.495  INFO 15127 --- [    Test worker] o.s.jdbc.datasource.init.ScriptUtils     : Executed SQL script from class path resource [org/springframework/batch/core/schema-hsqldb.sql] in 13 ms.
2019-01-18 14:45:27.670  INFO 15127 --- [    Test worker] .j.s.SpringbatchparallelApplicationTests : Started SpringbatchparallelApplicationTests in 3.179 seconds (JVM running for 4.811)
2019-01-18 14:45:27.674  INFO 15127 --- [    Test worker] o.s.b.a.b.JobLauncherCommandLineRunner   : Running default command line with: []
2019-01-18 14:45:27.731  INFO 15127 --- [    Test worker] o.s.b.c.l.support.SimpleJobLauncher      : Job: [FlowJob: [name=parallelFlowJob]] launched with the following parameters: [{run.id=1}]
2019-01-18 14:45:27.746  INFO 15127 --- [    Test worker] o.s.batch.core.job.SimpleStepHandler     : Executing step: [step1]
2019-01-18 14:45:27.773  INFO 15127 --- [    Test worker] c.j.s.config.BatchConfiguration          : Step:step1 token:1
2019-01-18 14:45:27.776  INFO 15127 --- [    Test worker] c.j.s.config.BatchConfiguration          : Step:step1 token:2
2019-01-18 14:45:27.776  INFO 15127 --- [    Test worker] c.j.s.config.BatchConfiguration          : Step:step1 token:3
2019-01-18 14:45:27.776  INFO 15127 --- [    Test worker] c.j.s.config.BatchConfiguration          : Step:step1 token:4
2019-01-18 14:45:27.776  INFO 15127 --- [    Test worker] c.j.s.config.BatchConfiguration          : Step:step1 token:5
2019-01-18 14:45:27.776  INFO 15127 --- [    Test worker] c.j.s.config.BatchConfiguration          : Step:step1 token:6
2019-01-18 14:45:27.776  INFO 15127 --- [    Test worker] c.j.s.config.BatchConfiguration          : Step:step1 token:7
2019-01-18 14:45:27.777  INFO 15127 --- [    Test worker] c.j.s.config.BatchConfiguration          : Step:step1 token:8
2019-01-18 14:45:27.777  INFO 15127 --- [    Test worker] c.j.s.config.BatchConfiguration          : Step:step1 token:9
2019-01-18 14:45:27.777  INFO 15127 --- [    Test worker] c.j.s.config.BatchConfiguration          : Step:step1 token:10
2019-01-18 14:45:27.777  INFO 15127 --- [    Test worker] c.j.s.config.BatchConfiguration          : Step:step1 token:11
2019-01-18 14:45:27.777  INFO 15127 --- [    Test worker] c.j.s.config.BatchConfiguration          : Step:step1 token:12
2019-01-18 14:45:27.777  INFO 15127 --- [    Test worker] c.j.s.config.BatchConfiguration          : Step:step1 token:13
2019-01-18 14:45:27.777  INFO 15127 --- [    Test worker] c.j.s.config.BatchConfiguration          : Step:step1 token:14
2019-01-18 14:45:27.777  INFO 15127 --- [    Test worker] c.j.s.config.BatchConfiguration          : Step:step1 token:15
2019-01-18 14:45:27.777  INFO 15127 --- [    Test worker] c.j.s.config.BatchConfiguration          : Step:step1 token:16
2019-01-18 14:45:27.777  INFO 15127 --- [    Test worker] c.j.s.config.BatchConfiguration          : Step:step1 token:17
2019-01-18 14:45:27.777  INFO 15127 --- [    Test worker] c.j.s.config.BatchConfiguration          : Step:step1 token:18
2019-01-18 14:45:27.777  INFO 15127 --- [    Test worker] c.j.s.config.BatchConfiguration          : Step:step1 token:19
2019-01-18 14:45:27.777  INFO 15127 --- [    Test worker] c.j.s.config.BatchConfiguration          : Step:step1 token:20
2019-01-18 14:45:27.777  INFO 15127 --- [    Test worker] c.j.s.config.BatchConfiguration          : Step:step1 token:21
2019-01-18 14:45:27.777  INFO 15127 --- [    Test worker] c.j.s.config.BatchConfiguration          : Step:step1 token:22
2019-01-18 14:45:27.777  INFO 15127 --- [    Test worker] c.j.s.config.BatchConfiguration          : Step:step1 token:23
2019-01-18 14:45:27.777  INFO 15127 --- [    Test worker] c.j.s.config.BatchConfiguration          : Step:step1 token:24
2019-01-18 14:45:27.777  INFO 15127 --- [    Test worker] c.j.s.config.BatchConfiguration          : Step:step1 token:25
2019-01-18 14:45:27.777  INFO 15127 --- [    Test worker] c.j.s.config.BatchConfiguration          : Step:step1 token:26
2019-01-18 14:45:27.777  INFO 15127 --- [    Test worker] c.j.s.config.BatchConfiguration          : Step:step1 token:27
2019-01-18 14:45:27.778  INFO 15127 --- [    Test worker] c.j.s.config.BatchConfiguration          : Step:step1 token:28
2019-01-18 14:45:27.778  INFO 15127 --- [    Test worker] c.j.s.config.BatchConfiguration          : Step:step1 token:29
2019-01-18 14:45:27.778  INFO 15127 --- [    Test worker] c.j.s.config.BatchConfiguration          : Step:step1 token:30
2019-01-18 14:45:27.778  INFO 15127 --- [    Test worker] c.j.s.config.BatchConfiguration          : Step:step1 token:31
2019-01-18 14:45:27.778  INFO 15127 --- [    Test worker] c.j.s.config.BatchConfiguration          : Step:step1 token:32
2019-01-18 14:45:27.778  INFO 15127 --- [    Test worker] c.j.s.config.BatchConfiguration          : Step:step1 token:33
2019-01-18 14:45:27.778  INFO 15127 --- [    Test worker] c.j.s.config.BatchConfiguration          : Step:step1 token:34
2019-01-18 14:45:27.778  INFO 15127 --- [    Test worker] c.j.s.config.BatchConfiguration          : Step:step1 token:35
2019-01-18 14:45:27.778  INFO 15127 --- [    Test worker] c.j.s.config.BatchConfiguration          : Step:step1 token:36
2019-01-18 14:45:27.778  INFO 15127 --- [    Test worker] c.j.s.config.BatchConfiguration          : Step:step1 token:37
2019-01-18 14:45:27.778  INFO 15127 --- [    Test worker] c.j.s.config.BatchConfiguration          : Step:step1 token:38
2019-01-18 14:45:27.778  INFO 15127 --- [    Test worker] c.j.s.config.BatchConfiguration          : Step:step1 token:39
2019-01-18 14:45:27.778  INFO 15127 --- [    Test worker] c.j.s.config.BatchConfiguration          : Step:step1 token:40
2019-01-18 14:45:27.778  INFO 15127 --- [    Test worker] c.j.s.config.BatchConfiguration          : Step:step1 token:41
2019-01-18 14:45:27.778  INFO 15127 --- [    Test worker] c.j.s.config.BatchConfiguration          : Step:step1 token:42
2019-01-18 14:45:27.778  INFO 15127 --- [    Test worker] c.j.s.config.BatchConfiguration          : Step:step1 token:43
2019-01-18 14:45:27.778  INFO 15127 --- [    Test worker] c.j.s.config.BatchConfiguration          : Step:step1 token:44
2019-01-18 14:45:27.781  INFO 15127 --- [    Test worker] c.j.s.config.BatchConfiguration          : Step:step1 token:45
2019-01-18 14:45:27.782  INFO 15127 --- [    Test worker] c.j.s.config.BatchConfiguration          : Step:step1 token:46
2019-01-18 14:45:27.782  INFO 15127 --- [    Test worker] c.j.s.config.BatchConfiguration          : Step:step1 token:47
2019-01-18 14:45:27.782  INFO 15127 --- [    Test worker] c.j.s.config.BatchConfiguration          : Step:step1 token:48
2019-01-18 14:45:27.782  INFO 15127 --- [    Test worker] c.j.s.config.BatchConfiguration          : Step:step1 token:49
2019-01-18 14:45:27.782  INFO 15127 --- [    Test worker] c.j.s.config.BatchConfiguration          : Step:step1 token:50
2019-01-18 14:45:27.782  INFO 15127 --- [    Test worker] c.j.s.config.BatchConfiguration          : Step:step1 token:51
2019-01-18 14:45:27.782  INFO 15127 --- [    Test worker] c.j.s.config.BatchConfiguration          : Step:step1 token:52
2019-01-18 14:45:27.782  INFO 15127 --- [    Test worker] c.j.s.config.BatchConfiguration          : Step:step1 token:53
2019-01-18 14:45:27.782  INFO 15127 --- [    Test worker] c.j.s.config.BatchConfiguration          : Step:step1 token:54
2019-01-18 14:45:27.782  INFO 15127 --- [    Test worker] c.j.s.config.BatchConfiguration          : Step:step1 token:55
2019-01-18 14:45:27.782  INFO 15127 --- [    Test worker] c.j.s.config.BatchConfiguration          : Step:step1 token:56
2019-01-18 14:45:27.782  INFO 15127 --- [    Test worker] c.j.s.config.BatchConfiguration          : Step:step1 token:57
2019-01-18 14:45:27.782  INFO 15127 --- [    Test worker] c.j.s.config.BatchConfiguration          : Step:step1 token:58
2019-01-18 14:45:27.782  INFO 15127 --- [    Test worker] c.j.s.config.BatchConfiguration          : Step:step1 token:59
2019-01-18 14:45:27.782  INFO 15127 --- [    Test worker] c.j.s.config.BatchConfiguration          : Step:step1 token:60
2019-01-18 14:45:27.783  INFO 15127 --- [    Test worker] c.j.s.config.BatchConfiguration          : Step:step1 token:61
2019-01-18 14:45:27.783  INFO 15127 --- [    Test worker] c.j.s.config.BatchConfiguration          : Step:step1 token:62
2019-01-18 14:45:27.784  INFO 15127 --- [    Test worker] c.j.s.config.BatchConfiguration          : Step:step1 token:63
2019-01-18 14:45:27.784  INFO 15127 --- [    Test worker] c.j.s.config.BatchConfiguration          : Step:step1 token:64
2019-01-18 14:45:27.784  INFO 15127 --- [    Test worker] c.j.s.config.BatchConfiguration          : Step:step1 token:65
2019-01-18 14:45:27.784  INFO 15127 --- [    Test worker] c.j.s.config.BatchConfiguration          : Step:step1 token:66
2019-01-18 14:45:27.784  INFO 15127 --- [    Test worker] c.j.s.config.BatchConfiguration          : Step:step1 token:67
2019-01-18 14:45:27.784  INFO 15127 --- [    Test worker] c.j.s.config.BatchConfiguration          : Step:step1 token:68
2019-01-18 14:45:27.784  INFO 15127 --- [    Test worker] c.j.s.config.BatchConfiguration          : Step:step1 token:69
2019-01-18 14:45:27.784  INFO 15127 --- [    Test worker] c.j.s.config.BatchConfiguration          : Step:step1 token:70
2019-01-18 14:45:27.784  INFO 15127 --- [    Test worker] c.j.s.config.BatchConfiguration          : Step:step1 token:71
2019-01-18 14:45:27.785  INFO 15127 --- [    Test worker] c.j.s.config.BatchConfiguration          : Step:step1 token:72
2019-01-18 14:45:27.785  INFO 15127 --- [    Test worker] c.j.s.config.BatchConfiguration          : Step:step1 token:73
2019-01-18 14:45:27.785  INFO 15127 --- [    Test worker] c.j.s.config.BatchConfiguration          : Step:step1 token:74
2019-01-18 14:45:27.785  INFO 15127 --- [    Test worker] c.j.s.config.BatchConfiguration          : Step:step1 token:75
2019-01-18 14:45:27.785  INFO 15127 --- [    Test worker] c.j.s.config.BatchConfiguration          : Step:step1 token:76
2019-01-18 14:45:27.785  INFO 15127 --- [    Test worker] c.j.s.config.BatchConfiguration          : Step:step1 token:77
2019-01-18 14:45:27.785  INFO 15127 --- [    Test worker] c.j.s.config.BatchConfiguration          : Step:step1 token:78
2019-01-18 14:45:27.785  INFO 15127 --- [    Test worker] c.j.s.config.BatchConfiguration          : Step:step1 token:79
2019-01-18 14:45:27.785  INFO 15127 --- [    Test worker] c.j.s.config.BatchConfiguration          : Step:step1 token:80
2019-01-18 14:45:27.785  INFO 15127 --- [    Test worker] c.j.s.config.BatchConfiguration          : Step:step1 token:81
2019-01-18 14:45:27.785  INFO 15127 --- [    Test worker] c.j.s.config.BatchConfiguration          : Step:step1 token:82
2019-01-18 14:45:27.785  INFO 15127 --- [    Test worker] c.j.s.config.BatchConfiguration          : Step:step1 token:83
2019-01-18 14:45:27.785  INFO 15127 --- [    Test worker] c.j.s.config.BatchConfiguration          : Step:step1 token:84
2019-01-18 14:45:27.785  INFO 15127 --- [    Test worker] c.j.s.config.BatchConfiguration          : Step:step1 token:85
2019-01-18 14:45:27.785  INFO 15127 --- [    Test worker] c.j.s.config.BatchConfiguration          : Step:step1 token:86
2019-01-18 14:45:27.785  INFO 15127 --- [    Test worker] c.j.s.config.BatchConfiguration          : Step:step1 token:87
2019-01-18 14:45:27.785  INFO 15127 --- [    Test worker] c.j.s.config.BatchConfiguration          : Step:step1 token:88
2019-01-18 14:45:27.785  INFO 15127 --- [    Test worker] c.j.s.config.BatchConfiguration          : Step:step1 token:89
2019-01-18 14:45:27.785  INFO 15127 --- [    Test worker] c.j.s.config.BatchConfiguration          : Step:step1 token:90
2019-01-18 14:45:27.785  INFO 15127 --- [    Test worker] c.j.s.config.BatchConfiguration          : Step:step1 token:91
2019-01-18 14:45:27.785  INFO 15127 --- [    Test worker] c.j.s.config.BatchConfiguration          : Step:step1 token:92
2019-01-18 14:45:27.785  INFO 15127 --- [    Test worker] c.j.s.config.BatchConfiguration          : Step:step1 token:93
2019-01-18 14:45:27.786  INFO 15127 --- [    Test worker] c.j.s.config.BatchConfiguration          : Step:step1 token:94
2019-01-18 14:45:27.786  INFO 15127 --- [    Test worker] c.j.s.config.BatchConfiguration          : Step:step1 token:95
2019-01-18 14:45:27.786  INFO 15127 --- [    Test worker] c.j.s.config.BatchConfiguration          : Step:step1 token:96
2019-01-18 14:45:27.786  INFO 15127 --- [    Test worker] c.j.s.config.BatchConfiguration          : Step:step1 token:97
2019-01-18 14:45:27.786  INFO 15127 --- [    Test worker] c.j.s.config.BatchConfiguration          : Step:step1 token:98
2019-01-18 14:45:27.786  INFO 15127 --- [    Test worker] c.j.s.config.BatchConfiguration          : Step:step1 token:99
2019-01-18 14:45:27.830  INFO 15127 --- [cTaskExecutor-2] o.s.batch.core.job.SimpleStepHandler     : Executing step: [step3]
2019-01-18 14:45:27.834  INFO 15127 --- [cTaskExecutor-2] c.j.s.config.BatchConfiguration          : Step:step3 token:1
2019-01-18 14:45:27.834  INFO 15127 --- [cTaskExecutor-2] c.j.s.config.BatchConfiguration          : Step:step3 token:2
2019-01-18 14:45:27.834  INFO 15127 --- [cTaskExecutor-2] c.j.s.config.BatchConfiguration          : Step:step3 token:3
2019-01-18 14:45:27.834  INFO 15127 --- [cTaskExecutor-2] c.j.s.config.BatchConfiguration          : Step:step3 token:4
2019-01-18 14:45:27.834  INFO 15127 --- [cTaskExecutor-2] c.j.s.config.BatchConfiguration          : Step:step3 token:5
2019-01-18 14:45:27.834  INFO 15127 --- [cTaskExecutor-2] c.j.s.config.BatchConfiguration          : Step:step3 token:6
2019-01-18 14:45:27.834  INFO 15127 --- [cTaskExecutor-2] c.j.s.config.BatchConfiguration          : Step:step3 token:7
2019-01-18 14:45:27.834  INFO 15127 --- [cTaskExecutor-2] c.j.s.config.BatchConfiguration          : Step:step3 token:8
2019-01-18 14:45:27.834  INFO 15127 --- [cTaskExecutor-2] c.j.s.config.BatchConfiguration          : Step:step3 token:9
2019-01-18 14:45:27.834  INFO 15127 --- [cTaskExecutor-2] c.j.s.config.BatchConfiguration          : Step:step3 token:10
2019-01-18 14:45:27.834  INFO 15127 --- [cTaskExecutor-2] c.j.s.config.BatchConfiguration          : Step:step3 token:11
2019-01-18 14:45:27.834  INFO 15127 --- [cTaskExecutor-2] c.j.s.config.BatchConfiguration          : Step:step3 token:12
2019-01-18 14:45:27.836  INFO 15127 --- [cTaskExecutor-3] o.s.batch.core.job.SimpleStepHandler     : Executing step: [step4]
2019-01-18 14:45:27.834  INFO 15127 --- [cTaskExecutor-2] c.j.s.config.BatchConfiguration          : Step:step3 token:13
2019-01-18 14:45:27.838  INFO 15127 --- [cTaskExecutor-2] c.j.s.config.BatchConfiguration          : Step:step3 token:14
2019-01-18 14:45:27.838  INFO 15127 --- [cTaskExecutor-2] c.j.s.config.BatchConfiguration          : Step:step3 token:15
2019-01-18 14:45:27.838  INFO 15127 --- [cTaskExecutor-2] c.j.s.config.BatchConfiguration          : Step:step3 token:16
2019-01-18 14:45:27.838  INFO 15127 --- [cTaskExecutor-2] c.j.s.config.BatchConfiguration          : Step:step3 token:17
2019-01-18 14:45:27.838  INFO 15127 --- [cTaskExecutor-2] c.j.s.config.BatchConfiguration          : Step:step3 token:18
2019-01-18 14:45:27.838  INFO 15127 --- [cTaskExecutor-2] c.j.s.config.BatchConfiguration          : Step:step3 token:19
2019-01-18 14:45:27.838  INFO 15127 --- [cTaskExecutor-2] c.j.s.config.BatchConfiguration          : Step:step3 token:20
2019-01-18 14:45:27.839  INFO 15127 --- [cTaskExecutor-2] c.j.s.config.BatchConfiguration          : Step:step3 token:21
2019-01-18 14:45:27.839  INFO 15127 --- [cTaskExecutor-2] c.j.s.config.BatchConfiguration          : Step:step3 token:22
2019-01-18 14:45:27.839  INFO 15127 --- [cTaskExecutor-2] c.j.s.config.BatchConfiguration          : Step:step3 token:23
2019-01-18 14:45:27.839  INFO 15127 --- [cTaskExecutor-2] c.j.s.config.BatchConfiguration          : Step:step3 token:24
2019-01-18 14:45:27.839  INFO 15127 --- [cTaskExecutor-2] c.j.s.config.BatchConfiguration          : Step:step3 token:25
2019-01-18 14:45:27.839  INFO 15127 --- [cTaskExecutor-2] c.j.s.config.BatchConfiguration          : Step:step3 token:26
2019-01-18 14:45:27.839  INFO 15127 --- [cTaskExecutor-2] c.j.s.config.BatchConfiguration          : Step:step3 token:27
2019-01-18 14:45:27.839  INFO 15127 --- [cTaskExecutor-2] c.j.s.config.BatchConfiguration          : Step:step3 token:28
2019-01-18 14:45:27.839  INFO 15127 --- [cTaskExecutor-2] c.j.s.config.BatchConfiguration          : Step:step3 token:29
2019-01-18 14:45:27.839  INFO 15127 --- [cTaskExecutor-2] c.j.s.config.BatchConfiguration          : Step:step3 token:30
2019-01-18 14:45:27.839  INFO 15127 --- [cTaskExecutor-2] c.j.s.config.BatchConfiguration          : Step:step3 token:31
2019-01-18 14:45:27.839  INFO 15127 --- [cTaskExecutor-2] c.j.s.config.BatchConfiguration          : Step:step3 token:32
2019-01-18 14:45:27.839  INFO 15127 --- [cTaskExecutor-2] c.j.s.config.BatchConfiguration          : Step:step3 token:33
2019-01-18 14:45:27.839  INFO 15127 --- [cTaskExecutor-2] c.j.s.config.BatchConfiguration          : Step:step3 token:34
2019-01-18 14:45:27.839  INFO 15127 --- [cTaskExecutor-2] c.j.s.config.BatchConfiguration          : Step:step3 token:35
2019-01-18 14:45:27.839  INFO 15127 --- [cTaskExecutor-2] c.j.s.config.BatchConfiguration          : Step:step3 token:36
2019-01-18 14:45:27.839  INFO 15127 --- [cTaskExecutor-2] c.j.s.config.BatchConfiguration          : Step:step3 token:37
2019-01-18 14:45:27.839  INFO 15127 --- [cTaskExecutor-2] c.j.s.config.BatchConfiguration          : Step:step3 token:38
2019-01-18 14:45:27.839  INFO 15127 --- [cTaskExecutor-2] c.j.s.config.BatchConfiguration          : Step:step3 token:39
2019-01-18 14:45:27.839  INFO 15127 --- [cTaskExecutor-2] c.j.s.config.BatchConfiguration          : Step:step3 token:40
2019-01-18 14:45:27.839  INFO 15127 --- [cTaskExecutor-2] c.j.s.config.BatchConfiguration          : Step:step3 token:41
2019-01-18 14:45:27.839  INFO 15127 --- [cTaskExecutor-2] c.j.s.config.BatchConfiguration          : Step:step3 token:42
2019-01-18 14:45:27.839  INFO 15127 --- [cTaskExecutor-2] c.j.s.config.BatchConfiguration          : Step:step3 token:43
2019-01-18 14:45:27.839  INFO 15127 --- [cTaskExecutor-2] c.j.s.config.BatchConfiguration          : Step:step3 token:44
2019-01-18 14:45:27.839  INFO 15127 --- [cTaskExecutor-2] c.j.s.config.BatchConfiguration          : Step:step3 token:45
2019-01-18 14:45:27.839  INFO 15127 --- [cTaskExecutor-2] c.j.s.config.BatchConfiguration          : Step:step3 token:46
2019-01-18 14:45:27.839  INFO 15127 --- [cTaskExecutor-2] c.j.s.config.BatchConfiguration          : Step:step3 token:47
2019-01-18 14:45:27.840  INFO 15127 --- [cTaskExecutor-2] c.j.s.config.BatchConfiguration          : Step:step3 token:48
2019-01-18 14:45:27.840  INFO 15127 --- [cTaskExecutor-2] c.j.s.config.BatchConfiguration          : Step:step3 token:49
2019-01-18 14:45:27.840  INFO 15127 --- [cTaskExecutor-2] c.j.s.config.BatchConfiguration          : Step:step3 token:50
2019-01-18 14:45:27.840  INFO 15127 --- [cTaskExecutor-2] c.j.s.config.BatchConfiguration          : Step:step3 token:51
2019-01-18 14:45:27.840  INFO 15127 --- [cTaskExecutor-2] c.j.s.config.BatchConfiguration          : Step:step3 token:52
2019-01-18 14:45:27.840  INFO 15127 --- [cTaskExecutor-2] c.j.s.config.BatchConfiguration          : Step:step3 token:53
2019-01-18 14:45:27.840  INFO 15127 --- [cTaskExecutor-2] c.j.s.config.BatchConfiguration          : Step:step3 token:54
2019-01-18 14:45:27.840  INFO 15127 --- [cTaskExecutor-2] c.j.s.config.BatchConfiguration          : Step:step3 token:55
2019-01-18 14:45:27.840  INFO 15127 --- [cTaskExecutor-2] c.j.s.config.BatchConfiguration          : Step:step3 token:56
2019-01-18 14:45:27.840  INFO 15127 --- [cTaskExecutor-2] c.j.s.config.BatchConfiguration          : Step:step3 token:57
2019-01-18 14:45:27.840  INFO 15127 --- [cTaskExecutor-2] c.j.s.config.BatchConfiguration          : Step:step3 token:58
2019-01-18 14:45:27.840  INFO 15127 --- [cTaskExecutor-2] c.j.s.config.BatchConfiguration          : Step:step3 token:59
2019-01-18 14:45:27.840  INFO 15127 --- [cTaskExecutor-2] c.j.s.config.BatchConfiguration          : Step:step3 token:60
2019-01-18 14:45:27.840  INFO 15127 --- [cTaskExecutor-2] c.j.s.config.BatchConfiguration          : Step:step3 token:61
2019-01-18 14:45:27.840  INFO 15127 --- [cTaskExecutor-2] c.j.s.config.BatchConfiguration          : Step:step3 token:62
2019-01-18 14:45:27.840  INFO 15127 --- [cTaskExecutor-2] c.j.s.config.BatchConfiguration          : Step:step3 token:63
2019-01-18 14:45:27.840  INFO 15127 --- [cTaskExecutor-2] c.j.s.config.BatchConfiguration          : Step:step3 token:64
2019-01-18 14:45:27.843  INFO 15127 --- [cTaskExecutor-2] c.j.s.config.BatchConfiguration          : Step:step3 token:65
2019-01-18 14:45:27.843  INFO 15127 --- [cTaskExecutor-2] c.j.s.config.BatchConfiguration          : Step:step3 token:66
2019-01-18 14:45:27.843  INFO 15127 --- [cTaskExecutor-2] c.j.s.config.BatchConfiguration          : Step:step3 token:67
2019-01-18 14:45:27.843  INFO 15127 --- [cTaskExecutor-2] c.j.s.config.BatchConfiguration          : Step:step3 token:68
2019-01-18 14:45:27.843  INFO 15127 --- [cTaskExecutor-2] c.j.s.config.BatchConfiguration          : Step:step3 token:69
2019-01-18 14:45:27.843  INFO 15127 --- [cTaskExecutor-2] c.j.s.config.BatchConfiguration          : Step:step3 token:70
2019-01-18 14:45:27.843  INFO 15127 --- [cTaskExecutor-2] c.j.s.config.BatchConfiguration          : Step:step3 token:71
2019-01-18 14:45:27.843  INFO 15127 --- [cTaskExecutor-2] c.j.s.config.BatchConfiguration          : Step:step3 token:72
2019-01-18 14:45:27.843  INFO 15127 --- [cTaskExecutor-2] c.j.s.config.BatchConfiguration          : Step:step3 token:73
2019-01-18 14:45:27.843  INFO 15127 --- [cTaskExecutor-2] c.j.s.config.BatchConfiguration          : Step:step3 token:74
2019-01-18 14:45:27.843  INFO 15127 --- [cTaskExecutor-2] c.j.s.config.BatchConfiguration          : Step:step3 token:75
2019-01-18 14:45:27.843  INFO 15127 --- [cTaskExecutor-2] c.j.s.config.BatchConfiguration          : Step:step3 token:76
2019-01-18 14:45:27.843  INFO 15127 --- [cTaskExecutor-2] c.j.s.config.BatchConfiguration          : Step:step3 token:77
2019-01-18 14:45:27.843  INFO 15127 --- [cTaskExecutor-2] c.j.s.config.BatchConfiguration          : Step:step3 token:78
2019-01-18 14:45:27.843  INFO 15127 --- [cTaskExecutor-2] c.j.s.config.BatchConfiguration          : Step:step3 token:79
2019-01-18 14:45:27.843  INFO 15127 --- [cTaskExecutor-2] c.j.s.config.BatchConfiguration          : Step:step3 token:80
2019-01-18 14:45:27.843  INFO 15127 --- [cTaskExecutor-2] c.j.s.config.BatchConfiguration          : Step:step3 token:81
2019-01-18 14:45:27.843  INFO 15127 --- [cTaskExecutor-2] c.j.s.config.BatchConfiguration          : Step:step3 token:82
2019-01-18 14:45:27.843  INFO 15127 --- [cTaskExecutor-2] c.j.s.config.BatchConfiguration          : Step:step3 token:83
2019-01-18 14:45:27.844  INFO 15127 --- [cTaskExecutor-2] c.j.s.config.BatchConfiguration          : Step:step3 token:84
2019-01-18 14:45:27.844  INFO 15127 --- [cTaskExecutor-2] c.j.s.config.BatchConfiguration          : Step:step3 token:85
2019-01-18 14:45:27.844  INFO 15127 --- [cTaskExecutor-2] c.j.s.config.BatchConfiguration          : Step:step3 token:86
2019-01-18 14:45:27.844  INFO 15127 --- [cTaskExecutor-2] c.j.s.config.BatchConfiguration          : Step:step3 token:87
2019-01-18 14:45:27.844  INFO 15127 --- [cTaskExecutor-2] c.j.s.config.BatchConfiguration          : Step:step3 token:88
2019-01-18 14:45:27.844  INFO 15127 --- [cTaskExecutor-2] c.j.s.config.BatchConfiguration          : Step:step3 token:89
2019-01-18 14:45:27.844  INFO 15127 --- [cTaskExecutor-2] c.j.s.config.BatchConfiguration          : Step:step3 token:90
2019-01-18 14:45:27.844  INFO 15127 --- [cTaskExecutor-2] c.j.s.config.BatchConfiguration          : Step:step3 token:91
2019-01-18 14:45:27.844  INFO 15127 --- [cTaskExecutor-2] c.j.s.config.BatchConfiguration          : Step:step3 token:92
2019-01-18 14:45:27.844  INFO 15127 --- [cTaskExecutor-2] c.j.s.config.BatchConfiguration          : Step:step3 token:93
2019-01-18 14:45:27.844  INFO 15127 --- [cTaskExecutor-2] c.j.s.config.BatchConfiguration          : Step:step3 token:94
2019-01-18 14:45:27.844  INFO 15127 --- [cTaskExecutor-2] c.j.s.config.BatchConfiguration          : Step:step3 token:95
2019-01-18 14:45:27.844  INFO 15127 --- [cTaskExecutor-2] c.j.s.config.BatchConfiguration          : Step:step3 token:96
2019-01-18 14:45:27.844  INFO 15127 --- [cTaskExecutor-2] c.j.s.config.BatchConfiguration          : Step:step3 token:97
2019-01-18 14:45:27.844  INFO 15127 --- [cTaskExecutor-2] c.j.s.config.BatchConfiguration          : Step:step3 token:98
2019-01-18 14:45:27.844  INFO 15127 --- [cTaskExecutor-2] c.j.s.config.BatchConfiguration          : Step:step3 token:99
2019-01-18 14:45:27.841  INFO 15127 --- [cTaskExecutor-1] o.s.batch.core.job.SimpleStepHandler     : Executing step: [step2]
2019-01-18 14:45:27.843  INFO 15127 --- [cTaskExecutor-3] c.j.s.config.BatchConfiguration          : Step:step4 token:1
2019-01-18 14:45:27.849  INFO 15127 --- [cTaskExecutor-3] c.j.s.config.BatchConfiguration          : Step:step4 token:2
2019-01-18 14:45:27.849  INFO 15127 --- [cTaskExecutor-3] c.j.s.config.BatchConfiguration          : Step:step4 token:3
2019-01-18 14:45:27.849  INFO 15127 --- [cTaskExecutor-3] c.j.s.config.BatchConfiguration          : Step:step4 token:4
2019-01-18 14:45:27.849  INFO 15127 --- [cTaskExecutor-3] c.j.s.config.BatchConfiguration          : Step:step4 token:5
2019-01-18 14:45:27.849  INFO 15127 --- [cTaskExecutor-3] c.j.s.config.BatchConfiguration          : Step:step4 token:6
2019-01-18 14:45:27.849  INFO 15127 --- [cTaskExecutor-3] c.j.s.config.BatchConfiguration          : Step:step4 token:7
2019-01-18 14:45:27.849  INFO 15127 --- [cTaskExecutor-3] c.j.s.config.BatchConfiguration          : Step:step4 token:8
2019-01-18 14:45:27.849  INFO 15127 --- [cTaskExecutor-3] c.j.s.config.BatchConfiguration          : Step:step4 token:9
2019-01-18 14:45:27.849  INFO 15127 --- [cTaskExecutor-3] c.j.s.config.BatchConfiguration          : Step:step4 token:10
2019-01-18 14:45:27.849  INFO 15127 --- [cTaskExecutor-3] c.j.s.config.BatchConfiguration          : Step:step4 token:11
2019-01-18 14:45:27.849  INFO 15127 --- [cTaskExecutor-3] c.j.s.config.BatchConfiguration          : Step:step4 token:12
2019-01-18 14:45:27.849  INFO 15127 --- [cTaskExecutor-3] c.j.s.config.BatchConfiguration          : Step:step4 token:13
2019-01-18 14:45:27.849  INFO 15127 --- [cTaskExecutor-3] c.j.s.config.BatchConfiguration          : Step:step4 token:14
2019-01-18 14:45:27.849  INFO 15127 --- [cTaskExecutor-3] c.j.s.config.BatchConfiguration          : Step:step4 token:15
2019-01-18 14:45:27.849  INFO 15127 --- [cTaskExecutor-3] c.j.s.config.BatchConfiguration          : Step:step4 token:16
2019-01-18 14:45:27.850  INFO 15127 --- [cTaskExecutor-3] c.j.s.config.BatchConfiguration          : Step:step4 token:17
2019-01-18 14:45:27.850  INFO 15127 --- [cTaskExecutor-3] c.j.s.config.BatchConfiguration          : Step:step4 token:18
2019-01-18 14:45:27.850  INFO 15127 --- [cTaskExecutor-3] c.j.s.config.BatchConfiguration          : Step:step4 token:19
2019-01-18 14:45:27.850  INFO 15127 --- [cTaskExecutor-3] c.j.s.config.BatchConfiguration          : Step:step4 token:20
2019-01-18 14:45:27.850  INFO 15127 --- [cTaskExecutor-3] c.j.s.config.BatchConfiguration          : Step:step4 token:21
2019-01-18 14:45:27.850  INFO 15127 --- [cTaskExecutor-3] c.j.s.config.BatchConfiguration          : Step:step4 token:22
2019-01-18 14:45:27.850  INFO 15127 --- [cTaskExecutor-3] c.j.s.config.BatchConfiguration          : Step:step4 token:23
2019-01-18 14:45:27.853  INFO 15127 --- [cTaskExecutor-3] c.j.s.config.BatchConfiguration          : Step:step4 token:24
2019-01-18 14:45:27.854  INFO 15127 --- [cTaskExecutor-3] c.j.s.config.BatchConfiguration          : Step:step4 token:25
2019-01-18 14:45:27.871  INFO 15127 --- [cTaskExecutor-3] c.j.s.config.BatchConfiguration          : Step:step4 token:26
2019-01-18 14:45:27.872  INFO 15127 --- [cTaskExecutor-3] c.j.s.config.BatchConfiguration          : Step:step4 token:27
2019-01-18 14:45:27.872  INFO 15127 --- [cTaskExecutor-3] c.j.s.config.BatchConfiguration          : Step:step4 token:28
2019-01-18 14:45:27.872  INFO 15127 --- [cTaskExecutor-3] c.j.s.config.BatchConfiguration          : Step:step4 token:29
2019-01-18 14:45:27.872  INFO 15127 --- [cTaskExecutor-3] c.j.s.config.BatchConfiguration          : Step:step4 token:30
2019-01-18 14:45:27.872  INFO 15127 --- [cTaskExecutor-3] c.j.s.config.BatchConfiguration          : Step:step4 token:31
2019-01-18 14:45:27.872  INFO 15127 --- [cTaskExecutor-3] c.j.s.config.BatchConfiguration          : Step:step4 token:32
2019-01-18 14:45:27.872  INFO 15127 --- [cTaskExecutor-3] c.j.s.config.BatchConfiguration          : Step:step4 token:33
2019-01-18 14:45:27.872  INFO 15127 --- [cTaskExecutor-3] c.j.s.config.BatchConfiguration          : Step:step4 token:34
2019-01-18 14:45:27.872  INFO 15127 --- [cTaskExecutor-3] c.j.s.config.BatchConfiguration          : Step:step4 token:35
2019-01-18 14:45:27.872  INFO 15127 --- [cTaskExecutor-3] c.j.s.config.BatchConfiguration          : Step:step4 token:36
2019-01-18 14:45:27.872  INFO 15127 --- [cTaskExecutor-3] c.j.s.config.BatchConfiguration          : Step:step4 token:37
2019-01-18 14:45:27.872  INFO 15127 --- [cTaskExecutor-1] c.j.s.config.BatchConfiguration          : Step:step2 token:1
2019-01-18 14:45:27.872  INFO 15127 --- [cTaskExecutor-1] c.j.s.config.BatchConfiguration          : Step:step2 token:2
2019-01-18 14:45:27.872  INFO 15127 --- [cTaskExecutor-1] c.j.s.config.BatchConfiguration          : Step:step2 token:3
2019-01-18 14:45:27.872  INFO 15127 --- [cTaskExecutor-1] c.j.s.config.BatchConfiguration          : Step:step2 token:4
2019-01-18 14:45:27.872  INFO 15127 --- [cTaskExecutor-1] c.j.s.config.BatchConfiguration          : Step:step2 token:5
2019-01-18 14:45:27.872  INFO 15127 --- [cTaskExecutor-1] c.j.s.config.BatchConfiguration          : Step:step2 token:6
2019-01-18 14:45:27.872  INFO 15127 --- [cTaskExecutor-3] c.j.s.config.BatchConfiguration          : Step:step4 token:38
2019-01-18 14:45:27.873  INFO 15127 --- [cTaskExecutor-1] c.j.s.config.BatchConfiguration          : Step:step2 token:7
2019-01-18 14:45:27.873  INFO 15127 --- [cTaskExecutor-1] c.j.s.config.BatchConfiguration          : Step:step2 token:8
2019-01-18 14:45:27.873  INFO 15127 --- [cTaskExecutor-1] c.j.s.config.BatchConfiguration          : Step:step2 token:9
2019-01-18 14:45:27.873  INFO 15127 --- [cTaskExecutor-1] c.j.s.config.BatchConfiguration          : Step:step2 token:10
2019-01-18 14:45:27.873  INFO 15127 --- [cTaskExecutor-1] c.j.s.config.BatchConfiguration          : Step:step2 token:11
2019-01-18 14:45:27.873  INFO 15127 --- [cTaskExecutor-1] c.j.s.config.BatchConfiguration          : Step:step2 token:12
2019-01-18 14:45:27.873  INFO 15127 --- [cTaskExecutor-1] c.j.s.config.BatchConfiguration          : Step:step2 token:13
2019-01-18 14:45:27.873  INFO 15127 --- [cTaskExecutor-1] c.j.s.config.BatchConfiguration          : Step:step2 token:14
2019-01-18 14:45:27.873  INFO 15127 --- [cTaskExecutor-1] c.j.s.config.BatchConfiguration          : Step:step2 token:15
2019-01-18 14:45:27.873  INFO 15127 --- [cTaskExecutor-1] c.j.s.config.BatchConfiguration          : Step:step2 token:16
2019-01-18 14:45:27.873  INFO 15127 --- [cTaskExecutor-1] c.j.s.config.BatchConfiguration          : Step:step2 token:17
2019-01-18 14:45:27.873  INFO 15127 --- [cTaskExecutor-1] c.j.s.config.BatchConfiguration          : Step:step2 token:18
2019-01-18 14:45:27.873  INFO 15127 --- [cTaskExecutor-1] c.j.s.config.BatchConfiguration          : Step:step2 token:19
2019-01-18 14:45:27.873  INFO 15127 --- [cTaskExecutor-1] c.j.s.config.BatchConfiguration          : Step:step2 token:20
2019-01-18 14:45:27.873  INFO 15127 --- [cTaskExecutor-1] c.j.s.config.BatchConfiguration          : Step:step2 token:21
2019-01-18 14:45:27.873  INFO 15127 --- [cTaskExecutor-1] c.j.s.config.BatchConfiguration          : Step:step2 token:22
2019-01-18 14:45:27.873  INFO 15127 --- [cTaskExecutor-1] c.j.s.config.BatchConfiguration          : Step:step2 token:23
2019-01-18 14:45:27.873  INFO 15127 --- [cTaskExecutor-1] c.j.s.config.BatchConfiguration          : Step:step2 token:24
2019-01-18 14:45:27.873  INFO 15127 --- [cTaskExecutor-1] c.j.s.config.BatchConfiguration          : Step:step2 token:25
2019-01-18 14:45:27.873  INFO 15127 --- [cTaskExecutor-1] c.j.s.config.BatchConfiguration          : Step:step2 token:26
2019-01-18 14:45:27.873  INFO 15127 --- [cTaskExecutor-1] c.j.s.config.BatchConfiguration          : Step:step2 token:27
2019-01-18 14:45:27.873  INFO 15127 --- [cTaskExecutor-1] c.j.s.config.BatchConfiguration          : Step:step2 token:28
2019-01-18 14:45:27.873  INFO 15127 --- [cTaskExecutor-1] c.j.s.config.BatchConfiguration          : Step:step2 token:29
2019-01-18 14:45:27.873  INFO 15127 --- [cTaskExecutor-1] c.j.s.config.BatchConfiguration          : Step:step2 token:30
2019-01-18 14:45:27.873  INFO 15127 --- [cTaskExecutor-1] c.j.s.config.BatchConfiguration          : Step:step2 token:31
2019-01-18 14:45:27.873  INFO 15127 --- [cTaskExecutor-1] c.j.s.config.BatchConfiguration          : Step:step2 token:32
2019-01-18 14:45:27.873  INFO 15127 --- [cTaskExecutor-1] c.j.s.config.BatchConfiguration          : Step:step2 token:33
2019-01-18 14:45:27.873  INFO 15127 --- [cTaskExecutor-1] c.j.s.config.BatchConfiguration          : Step:step2 token:34
2019-01-18 14:45:27.873  INFO 15127 --- [cTaskExecutor-1] c.j.s.config.BatchConfiguration          : Step:step2 token:35
2019-01-18 14:45:27.873  INFO 15127 --- [cTaskExecutor-1] c.j.s.config.BatchConfiguration          : Step:step2 token:36
2019-01-18 14:45:27.873  INFO 15127 --- [cTaskExecutor-1] c.j.s.config.BatchConfiguration          : Step:step2 token:37
2019-01-18 14:45:27.874  INFO 15127 --- [cTaskExecutor-1] c.j.s.config.BatchConfiguration          : Step:step2 token:38
2019-01-18 14:45:27.874  INFO 15127 --- [cTaskExecutor-1] c.j.s.config.BatchConfiguration          : Step:step2 token:39
2019-01-18 14:45:27.874  INFO 15127 --- [cTaskExecutor-1] c.j.s.config.BatchConfiguration          : Step:step2 token:40
2019-01-18 14:45:27.874  INFO 15127 --- [cTaskExecutor-1] c.j.s.config.BatchConfiguration          : Step:step2 token:41
2019-01-18 14:45:27.874  INFO 15127 --- [cTaskExecutor-1] c.j.s.config.BatchConfiguration          : Step:step2 token:42
2019-01-18 14:45:27.874  INFO 15127 --- [cTaskExecutor-1] c.j.s.config.BatchConfiguration          : Step:step2 token:43
2019-01-18 14:45:27.874  INFO 15127 --- [cTaskExecutor-1] c.j.s.config.BatchConfiguration          : Step:step2 token:44
2019-01-18 14:45:27.874  INFO 15127 --- [cTaskExecutor-1] c.j.s.config.BatchConfiguration          : Step:step2 token:45
2019-01-18 14:45:27.874  INFO 15127 --- [cTaskExecutor-1] c.j.s.config.BatchConfiguration          : Step:step2 token:46
2019-01-18 14:45:27.874  INFO 15127 --- [cTaskExecutor-1] c.j.s.config.BatchConfiguration          : Step:step2 token:47
2019-01-18 14:45:27.874  INFO 15127 --- [cTaskExecutor-1] c.j.s.config.BatchConfiguration          : Step:step2 token:48
2019-01-18 14:45:27.874  INFO 15127 --- [cTaskExecutor-1] c.j.s.config.BatchConfiguration          : Step:step2 token:49
2019-01-18 14:45:27.874  INFO 15127 --- [cTaskExecutor-1] c.j.s.config.BatchConfiguration          : Step:step2 token:50
2019-01-18 14:45:27.874  INFO 15127 --- [cTaskExecutor-1] c.j.s.config.BatchConfiguration          : Step:step2 token:51
2019-01-18 14:45:27.874  INFO 15127 --- [cTaskExecutor-1] c.j.s.config.BatchConfiguration          : Step:step2 token:52
2019-01-18 14:45:27.874  INFO 15127 --- [cTaskExecutor-1] c.j.s.config.BatchConfiguration          : Step:step2 token:53
2019-01-18 14:45:27.874  INFO 15127 --- [cTaskExecutor-1] c.j.s.config.BatchConfiguration          : Step:step2 token:54
2019-01-18 14:45:27.874  INFO 15127 --- [cTaskExecutor-1] c.j.s.config.BatchConfiguration          : Step:step2 token:55
2019-01-18 14:45:27.874  INFO 15127 --- [cTaskExecutor-1] c.j.s.config.BatchConfiguration          : Step:step2 token:56
2019-01-18 14:45:27.874  INFO 15127 --- [cTaskExecutor-1] c.j.s.config.BatchConfiguration          : Step:step2 token:57
2019-01-18 14:45:27.874  INFO 15127 --- [cTaskExecutor-1] c.j.s.config.BatchConfiguration          : Step:step2 token:58
2019-01-18 14:45:27.874  INFO 15127 --- [cTaskExecutor-1] c.j.s.config.BatchConfiguration          : Step:step2 token:59
2019-01-18 14:45:27.874  INFO 15127 --- [cTaskExecutor-1] c.j.s.config.BatchConfiguration          : Step:step2 token:60
2019-01-18 14:45:27.874  INFO 15127 --- [cTaskExecutor-1] c.j.s.config.BatchConfiguration          : Step:step2 token:61
2019-01-18 14:45:27.874  INFO 15127 --- [cTaskExecutor-1] c.j.s.config.BatchConfiguration          : Step:step2 token:62
2019-01-18 14:45:27.874  INFO 15127 --- [cTaskExecutor-1] c.j.s.config.BatchConfiguration          : Step:step2 token:63
2019-01-18 14:45:27.874  INFO 15127 --- [cTaskExecutor-1] c.j.s.config.BatchConfiguration          : Step:step2 token:64
2019-01-18 14:45:27.874  INFO 15127 --- [cTaskExecutor-1] c.j.s.config.BatchConfiguration          : Step:step2 token:65
2019-01-18 14:45:27.875  INFO 15127 --- [cTaskExecutor-1] c.j.s.config.BatchConfiguration          : Step:step2 token:66
2019-01-18 14:45:27.875  INFO 15127 --- [cTaskExecutor-1] c.j.s.config.BatchConfiguration          : Step:step2 token:67
2019-01-18 14:45:27.875  INFO 15127 --- [cTaskExecutor-1] c.j.s.config.BatchConfiguration          : Step:step2 token:68
2019-01-18 14:45:27.875  INFO 15127 --- [cTaskExecutor-1] c.j.s.config.BatchConfiguration          : Step:step2 token:69
2019-01-18 14:45:27.875  INFO 15127 --- [cTaskExecutor-1] c.j.s.config.BatchConfiguration          : Step:step2 token:70
2019-01-18 14:45:27.875  INFO 15127 --- [cTaskExecutor-1] c.j.s.config.BatchConfiguration          : Step:step2 token:71
2019-01-18 14:45:27.875  INFO 15127 --- [cTaskExecutor-1] c.j.s.config.BatchConfiguration          : Step:step2 token:72
2019-01-18 14:45:27.875  INFO 15127 --- [cTaskExecutor-1] c.j.s.config.BatchConfiguration          : Step:step2 token:73
2019-01-18 14:45:27.875  INFO 15127 --- [cTaskExecutor-1] c.j.s.config.BatchConfiguration          : Step:step2 token:74
2019-01-18 14:45:27.875  INFO 15127 --- [cTaskExecutor-1] c.j.s.config.BatchConfiguration          : Step:step2 token:75
2019-01-18 14:45:27.875  INFO 15127 --- [cTaskExecutor-1] c.j.s.config.BatchConfiguration          : Step:step2 token:76
2019-01-18 14:45:27.875  INFO 15127 --- [cTaskExecutor-1] c.j.s.config.BatchConfiguration          : Step:step2 token:77
2019-01-18 14:45:27.875  INFO 15127 --- [cTaskExecutor-1] c.j.s.config.BatchConfiguration          : Step:step2 token:78
2019-01-18 14:45:27.875  INFO 15127 --- [cTaskExecutor-1] c.j.s.config.BatchConfiguration          : Step:step2 token:79
2019-01-18 14:45:27.875  INFO 15127 --- [cTaskExecutor-1] c.j.s.config.BatchConfiguration          : Step:step2 token:80
2019-01-18 14:45:27.875  INFO 15127 --- [cTaskExecutor-1] c.j.s.config.BatchConfiguration          : Step:step2 token:81
2019-01-18 14:45:27.875  INFO 15127 --- [cTaskExecutor-1] c.j.s.config.BatchConfiguration          : Step:step2 token:82
2019-01-18 14:45:27.875  INFO 15127 --- [cTaskExecutor-1] c.j.s.config.BatchConfiguration          : Step:step2 token:83
2019-01-18 14:45:27.875  INFO 15127 --- [cTaskExecutor-1] c.j.s.config.BatchConfiguration          : Step:step2 token:84
2019-01-18 14:45:27.875  INFO 15127 --- [cTaskExecutor-1] c.j.s.config.BatchConfiguration          : Step:step2 token:85
2019-01-18 14:45:27.875  INFO 15127 --- [cTaskExecutor-1] c.j.s.config.BatchConfiguration          : Step:step2 token:86
2019-01-18 14:45:27.875  INFO 15127 --- [cTaskExecutor-1] c.j.s.config.BatchConfiguration          : Step:step2 token:87
2019-01-18 14:45:27.875  INFO 15127 --- [cTaskExecutor-1] c.j.s.config.BatchConfiguration          : Step:step2 token:88
2019-01-18 14:45:27.875  INFO 15127 --- [cTaskExecutor-1] c.j.s.config.BatchConfiguration          : Step:step2 token:89
2019-01-18 14:45:27.875  INFO 15127 --- [cTaskExecutor-1] c.j.s.config.BatchConfiguration          : Step:step2 token:90
2019-01-18 14:45:27.875  INFO 15127 --- [cTaskExecutor-1] c.j.s.config.BatchConfiguration          : Step:step2 token:91
2019-01-18 14:45:27.876  INFO 15127 --- [cTaskExecutor-1] c.j.s.config.BatchConfiguration          : Step:step2 token:92
2019-01-18 14:45:27.876  INFO 15127 --- [cTaskExecutor-1] c.j.s.config.BatchConfiguration          : Step:step2 token:93
2019-01-18 14:45:27.876  INFO 15127 --- [cTaskExecutor-1] c.j.s.config.BatchConfiguration          : Step:step2 token:94
2019-01-18 14:45:27.876  INFO 15127 --- [cTaskExecutor-1] c.j.s.config.BatchConfiguration          : Step:step2 token:95
2019-01-18 14:45:27.876  INFO 15127 --- [cTaskExecutor-1] c.j.s.config.BatchConfiguration          : Step:step2 token:96
2019-01-18 14:45:27.876  INFO 15127 --- [cTaskExecutor-1] c.j.s.config.BatchConfiguration          : Step:step2 token:97
2019-01-18 14:45:27.876  INFO 15127 --- [cTaskExecutor-1] c.j.s.config.BatchConfiguration          : Step:step2 token:98
2019-01-18 14:45:27.876  INFO 15127 --- [cTaskExecutor-1] c.j.s.config.BatchConfiguration          : Step:step2 token:99
2019-01-18 14:45:27.882  INFO 15127 --- [cTaskExecutor-3] c.j.s.config.BatchConfiguration          : Step:step4 token:39
2019-01-18 14:45:27.883  INFO 15127 --- [cTaskExecutor-3] c.j.s.config.BatchConfiguration          : Step:step4 token:40
2019-01-18 14:45:27.883  INFO 15127 --- [cTaskExecutor-3] c.j.s.config.BatchConfiguration          : Step:step4 token:41
2019-01-18 14:45:27.883  INFO 15127 --- [cTaskExecutor-3] c.j.s.config.BatchConfiguration          : Step:step4 token:42
2019-01-18 14:45:27.883  INFO 15127 --- [cTaskExecutor-3] c.j.s.config.BatchConfiguration          : Step:step4 token:43
2019-01-18 14:45:27.883  INFO 15127 --- [cTaskExecutor-3] c.j.s.config.BatchConfiguration          : Step:step4 token:44
2019-01-18 14:45:27.883  INFO 15127 --- [cTaskExecutor-3] c.j.s.config.BatchConfiguration          : Step:step4 token:45
2019-01-18 14:45:27.883  INFO 15127 --- [cTaskExecutor-3] c.j.s.config.BatchConfiguration          : Step:step4 token:46
2019-01-18 14:45:27.883  INFO 15127 --- [cTaskExecutor-3] c.j.s.config.BatchConfiguration          : Step:step4 token:47
2019-01-18 14:45:27.883  INFO 15127 --- [cTaskExecutor-3] c.j.s.config.BatchConfiguration          : Step:step4 token:48
2019-01-18 14:45:27.883  INFO 15127 --- [cTaskExecutor-3] c.j.s.config.BatchConfiguration          : Step:step4 token:49
2019-01-18 14:45:27.883  INFO 15127 --- [cTaskExecutor-3] c.j.s.config.BatchConfiguration          : Step:step4 token:50
2019-01-18 14:45:27.883  INFO 15127 --- [cTaskExecutor-3] c.j.s.config.BatchConfiguration          : Step:step4 token:51
2019-01-18 14:45:27.883  INFO 15127 --- [cTaskExecutor-3] c.j.s.config.BatchConfiguration          : Step:step4 token:52
2019-01-18 14:45:27.883  INFO 15127 --- [cTaskExecutor-3] c.j.s.config.BatchConfiguration          : Step:step4 token:53
2019-01-18 14:45:27.883  INFO 15127 --- [cTaskExecutor-3] c.j.s.config.BatchConfiguration          : Step:step4 token:54
2019-01-18 14:45:27.883  INFO 15127 --- [cTaskExecutor-3] c.j.s.config.BatchConfiguration          : Step:step4 token:55
2019-01-18 14:45:27.883  INFO 15127 --- [cTaskExecutor-3] c.j.s.config.BatchConfiguration          : Step:step4 token:56
2019-01-18 14:45:27.883  INFO 15127 --- [cTaskExecutor-3] c.j.s.config.BatchConfiguration          : Step:step4 token:57
2019-01-18 14:45:27.883  INFO 15127 --- [cTaskExecutor-3] c.j.s.config.BatchConfiguration          : Step:step4 token:58
2019-01-18 14:45:27.887  INFO 15127 --- [cTaskExecutor-3] c.j.s.config.BatchConfiguration          : Step:step4 token:59
2019-01-18 14:45:27.893  INFO 15127 --- [cTaskExecutor-3] c.j.s.config.BatchConfiguration          : Step:step4 token:60
2019-01-18 14:45:27.894  INFO 15127 --- [cTaskExecutor-3] c.j.s.config.BatchConfiguration          : Step:step4 token:61
2019-01-18 14:45:27.899  INFO 15127 --- [cTaskExecutor-3] c.j.s.config.BatchConfiguration          : Step:step4 token:62
2019-01-18 14:45:27.899  INFO 15127 --- [cTaskExecutor-3] c.j.s.config.BatchConfiguration          : Step:step4 token:63
2019-01-18 14:45:27.899  INFO 15127 --- [cTaskExecutor-3] c.j.s.config.BatchConfiguration          : Step:step4 token:64
2019-01-18 14:45:27.899  INFO 15127 --- [cTaskExecutor-3] c.j.s.config.BatchConfiguration          : Step:step4 token:65
2019-01-18 14:45:27.899  INFO 15127 --- [cTaskExecutor-3] c.j.s.config.BatchConfiguration          : Step:step4 token:66
2019-01-18 14:45:27.899  INFO 15127 --- [cTaskExecutor-3] c.j.s.config.BatchConfiguration          : Step:step4 token:67
2019-01-18 14:45:27.899  INFO 15127 --- [cTaskExecutor-3] c.j.s.config.BatchConfiguration          : Step:step4 token:68
2019-01-18 14:45:27.899  INFO 15127 --- [cTaskExecutor-3] c.j.s.config.BatchConfiguration          : Step:step4 token:69
2019-01-18 14:45:27.899  INFO 15127 --- [cTaskExecutor-3] c.j.s.config.BatchConfiguration          : Step:step4 token:70
2019-01-18 14:45:27.899  INFO 15127 --- [cTaskExecutor-3] c.j.s.config.BatchConfiguration          : Step:step4 token:71
2019-01-18 14:45:27.899  INFO 15127 --- [cTaskExecutor-3] c.j.s.config.BatchConfiguration          : Step:step4 token:72
2019-01-18 14:45:27.900  INFO 15127 --- [cTaskExecutor-3] c.j.s.config.BatchConfiguration          : Step:step4 token:73
2019-01-18 14:45:27.900  INFO 15127 --- [cTaskExecutor-3] c.j.s.config.BatchConfiguration          : Step:step4 token:74
2019-01-18 14:45:27.900  INFO 15127 --- [cTaskExecutor-3] c.j.s.config.BatchConfiguration          : Step:step4 token:75
2019-01-18 14:45:27.900  INFO 15127 --- [cTaskExecutor-3] c.j.s.config.BatchConfiguration          : Step:step4 token:76
2019-01-18 14:45:27.900  INFO 15127 --- [cTaskExecutor-3] c.j.s.config.BatchConfiguration          : Step:step4 token:77
2019-01-18 14:45:27.900  INFO 15127 --- [cTaskExecutor-3] c.j.s.config.BatchConfiguration          : Step:step4 token:78
2019-01-18 14:45:27.902  INFO 15127 --- [cTaskExecutor-3] c.j.s.config.BatchConfiguration          : Step:step4 token:79
2019-01-18 14:45:27.902  INFO 15127 --- [cTaskExecutor-3] c.j.s.config.BatchConfiguration          : Step:step4 token:80
2019-01-18 14:45:27.902  INFO 15127 --- [cTaskExecutor-3] c.j.s.config.BatchConfiguration          : Step:step4 token:81
2019-01-18 14:45:27.902  INFO 15127 --- [cTaskExecutor-3] c.j.s.config.BatchConfiguration          : Step:step4 token:82
2019-01-18 14:45:27.902  INFO 15127 --- [cTaskExecutor-3] c.j.s.config.BatchConfiguration          : Step:step4 token:83
2019-01-18 14:45:27.902  INFO 15127 --- [cTaskExecutor-3] c.j.s.config.BatchConfiguration          : Step:step4 token:84
2019-01-18 14:45:27.902  INFO 15127 --- [cTaskExecutor-3] c.j.s.config.BatchConfiguration          : Step:step4 token:85
2019-01-18 14:45:27.903  INFO 15127 --- [cTaskExecutor-3] c.j.s.config.BatchConfiguration          : Step:step4 token:86
2019-01-18 14:45:27.903  INFO 15127 --- [cTaskExecutor-3] c.j.s.config.BatchConfiguration          : Step:step4 token:87
2019-01-18 14:45:27.903  INFO 15127 --- [cTaskExecutor-3] c.j.s.config.BatchConfiguration          : Step:step4 token:88
2019-01-18 14:45:27.903  INFO 15127 --- [cTaskExecutor-3] c.j.s.config.BatchConfiguration          : Step:step4 token:89
2019-01-18 14:45:27.903  INFO 15127 --- [cTaskExecutor-3] c.j.s.config.BatchConfiguration          : Step:step4 token:90
2019-01-18 14:45:27.903  INFO 15127 --- [cTaskExecutor-3] c.j.s.config.BatchConfiguration          : Step:step4 token:91
2019-01-18 14:45:27.903  INFO 15127 --- [cTaskExecutor-3] c.j.s.config.BatchConfiguration          : Step:step4 token:92
2019-01-18 14:45:27.903  INFO 15127 --- [cTaskExecutor-3] c.j.s.config.BatchConfiguration          : Step:step4 token:93
2019-01-18 14:45:27.903  INFO 15127 --- [cTaskExecutor-3] c.j.s.config.BatchConfiguration          : Step:step4 token:94
2019-01-18 14:45:27.903  INFO 15127 --- [cTaskExecutor-3] c.j.s.config.BatchConfiguration          : Step:step4 token:95
2019-01-18 14:45:27.903  INFO 15127 --- [cTaskExecutor-3] c.j.s.config.BatchConfiguration          : Step:step4 token:96
2019-01-18 14:45:27.903  INFO 15127 --- [cTaskExecutor-3] c.j.s.config.BatchConfiguration          : Step:step4 token:97
2019-01-18 14:45:27.903  INFO 15127 --- [cTaskExecutor-3] c.j.s.config.BatchConfiguration          : Step:step4 token:98
2019-01-18 14:45:27.903  INFO 15127 --- [cTaskExecutor-3] c.j.s.config.BatchConfiguration          : Step:step4 token:99
2019-01-18 14:45:27.909  INFO 15127 --- [    Test worker] o.s.b.c.l.support.SimpleJobLauncher      : Job: [FlowJob: [name=parallelFlowJob]] completed with the following parameters: [{run.id=1}] and the following status: [COMPLETED]
2019-01-18 14:45:27.916  INFO 15127 --- [    Test worker] o.s.b.c.l.support.SimpleJobLauncher      : Job: [FlowJob: [name=parallelJob]] launched with the following parameters: [{run.id=1}]
2019-01-18 14:45:27.925  INFO 15127 --- [    Test worker] o.s.batch.core.job.SimpleStepHandler     : Executing step: [masterStep]
2019-01-18 14:45:27.964  INFO 15127 --- [    Test worker] o.s.b.c.l.support.SimpleJobLauncher      : Job: [FlowJob: [name=parallelJob]] completed with the following parameters: [{run.id=1}] and the following status: [COMPLETED]
]]></system-out>
  <system-err><![CDATA[]]></system-err>
</testsuite>
